mode: set
github.com/choria-io/go-choria/aagent/machine/info.go:20.60,22.2 1 0
github.com/choria-io/go-choria/aagent/machine/info.go:25.39,27.2 1 1
github.com/choria-io/go-choria/aagent/machine/info.go:30.38,32.2 1 1
github.com/choria-io/go-choria/aagent/machine/info.go:35.41,37.2 1 0
github.com/choria-io/go-choria/aagent/machine/info.go:40.37,41.22 1 1
github.com/choria-io/go-choria/aagent/machine/info.go:41.22,43.3 1 1
github.com/choria-io/go-choria/aagent/machine/info.go:45.2,45.19 1 0
github.com/choria-io/go-choria/aagent/machine/info.go:49.36,51.2 1 1
github.com/choria-io/go-choria/aagent/machine/info.go:54.33,56.2 1 1
github.com/choria-io/go-choria/aagent/machine/info.go:59.34,61.2 1 1
github.com/choria-io/go-choria/aagent/machine/info.go:64.51,66.2 1 0
github.com/choria-io/go-choria/aagent/machine/info.go:69.41,71.2 1 1
github.com/choria-io/go-choria/aagent/machine/info.go:74.44,76.2 1 1
github.com/choria-io/go-choria/aagent/machine/info.go:79.42,81.16 2 1
github.com/choria-io/go-choria/aagent/machine/info.go:81.16,83.3 1 1
github.com/choria-io/go-choria/aagent/machine/info.go:85.2,91.33 6 0
github.com/choria-io/go-choria/aagent/machine/info.go:95.42,97.2 1 0
github.com/choria-io/go-choria/aagent/machine/info.go:99.36,103.19 3 0
github.com/choria-io/go-choria/aagent/machine/info.go:103.19,105.3 1 0
github.com/choria-io/go-choria/aagent/machine/info.go:106.2,106.18 1 0
github.com/choria-io/go-choria/aagent/machine/info.go:109.43,111.16 2 0
github.com/choria-io/go-choria/aagent/machine/info.go:111.16,113.3 1 0
github.com/choria-io/go-choria/aagent/machine/info.go:114.2,117.41 3 0
github.com/choria-io/go-choria/aagent/machine/info.go:117.41,119.3 1 0
github.com/choria-io/go-choria/aagent/machine/info.go:121.2,121.43 1 0
github.com/choria-io/go-choria/aagent/machine/machine.go:136.34,138.2 1 0
github.com/choria-io/go-choria/aagent/machine/machine.go:140.106,142.9 2 1
github.com/choria-io/go-choria/aagent/machine/machine.go:142.9,144.3 1 0
github.com/choria-io/go-choria/aagent/machine/machine.go:146.2,146.30 1 1
github.com/choria-io/go-choria/aagent/machine/machine.go:146.30,147.30 1 0
github.com/choria-io/go-choria/aagent/machine/machine.go:147.30,149.4 1 0
github.com/choria-io/go-choria/aagent/machine/machine.go:152.2,155.16 3 1
github.com/choria-io/go-choria/aagent/machine/machine.go:155.16,157.3 1 1
github.com/choria-io/go-choria/aagent/machine/machine.go:159.2,159.15 1 1
github.com/choria-io/go-choria/aagent/machine/machine.go:162.74,165.28 2 0
github.com/choria-io/go-choria/aagent/machine/machine.go:165.28,167.3 1 0
github.com/choria-io/go-choria/aagent/machine/machine.go:169.2,170.16 2 0
github.com/choria-io/go-choria/aagent/machine/machine.go:170.16,172.3 1 0
github.com/choria-io/go-choria/aagent/machine/machine.go:174.2,176.15 2 0
github.com/choria-io/go-choria/aagent/machine/machine.go:179.98,186.15 6 1
github.com/choria-io/go-choria/aagent/machine/machine.go:186.15,188.3 1 1
github.com/choria-io/go-choria/aagent/machine/machine.go:190.2,191.16 2 1
github.com/choria-io/go-choria/aagent/machine/machine.go:191.16,193.3 1 1
github.com/choria-io/go-choria/aagent/machine/machine.go:195.2,196.16 2 1
github.com/choria-io/go-choria/aagent/machine/machine.go:196.16,198.3 1 1
github.com/choria-io/go-choria/aagent/machine/machine.go:200.2,200.12 1 1
github.com/choria-io/go-choria/aagent/machine/machine.go:204.76,206.16 2 1
github.com/choria-io/go-choria/aagent/machine/machine.go:206.16,208.3 1 0
github.com/choria-io/go-choria/aagent/machine/machine.go:210.2,211.16 2 1
github.com/choria-io/go-choria/aagent/machine/machine.go:211.16,213.3 1 0
github.com/choria-io/go-choria/aagent/machine/machine.go:215.2,217.16 3 1
github.com/choria-io/go-choria/aagent/machine/machine.go:217.16,219.3 1 0
github.com/choria-io/go-choria/aagent/machine/machine.go:221.2,222.16 2 1
github.com/choria-io/go-choria/aagent/machine/machine.go:222.16,224.3 1 1
github.com/choria-io/go-choria/aagent/machine/machine.go:226.2,226.34 1 1
github.com/choria-io/go-choria/aagent/machine/machine.go:226.34,227.39 1 1
github.com/choria-io/go-choria/aagent/machine/machine.go:227.39,228.29 1 0
github.com/choria-io/go-choria/aagent/machine/machine.go:228.29,230.5 1 0
github.com/choria-io/go-choria/aagent/machine/machine.go:232.4,232.23 1 0
github.com/choria-io/go-choria/aagent/machine/machine.go:232.23,234.5 1 0
github.com/choria-io/go-choria/aagent/machine/machine.go:237.2,237.15 1 1
github.com/choria-io/go-choria/aagent/machine/machine.go:241.69,244.16 3 0
github.com/choria-io/go-choria/aagent/machine/machine.go:244.16,246.3 1 0
github.com/choria-io/go-choria/aagent/machine/machine.go:248.2,250.16 3 0
github.com/choria-io/go-choria/aagent/machine/machine.go:250.16,252.3 1 0
github.com/choria-io/go-choria/aagent/machine/machine.go:254.2,254.82 1 0
github.com/choria-io/go-choria/aagent/machine/machine.go:257.70,260.43 2 0
github.com/choria-io/go-choria/aagent/machine/machine.go:260.43,261.48 1 0
github.com/choria-io/go-choria/aagent/machine/machine.go:261.48,262.73 1 0
github.com/choria-io/go-choria/aagent/machine/machine.go:262.73,265.19 3 0
github.com/choria-io/go-choria/aagent/machine/machine.go:265.19,267.6 1 0
github.com/choria-io/go-choria/aagent/machine/machine.go:273.75,277.35 3 0
github.com/choria-io/go-choria/aagent/machine/machine.go:277.35,279.3 1 0
github.com/choria-io/go-choria/aagent/machine/machine.go:281.2,281.37 1 0
github.com/choria-io/go-choria/aagent/machine/machine.go:284.88,288.2 3 0
github.com/choria-io/go-choria/aagent/machine/machine.go:290.79,294.2 3 0
github.com/choria-io/go-choria/aagent/machine/machine.go:296.67,298.20 2 1
github.com/choria-io/go-choria/aagent/machine/machine.go:298.20,300.3 1 1
github.com/choria-io/go-choria/aagent/machine/machine.go:302.2,303.16 2 1
github.com/choria-io/go-choria/aagent/machine/machine.go:303.16,308.3 1 0
github.com/choria-io/go-choria/aagent/machine/machine.go:310.2,310.12 1 1
github.com/choria-io/go-choria/aagent/machine/machine.go:313.37,315.2 1 0
github.com/choria-io/go-choria/aagent/machine/machine.go:318.43,323.15 4 0
github.com/choria-io/go-choria/aagent/machine/machine.go:323.15,325.3 1 0
github.com/choria-io/go-choria/aagent/machine/machine.go:327.2,327.30 1 0
github.com/choria-io/go-choria/aagent/machine/machine.go:331.63,336.2 3 0
github.com/choria-io/go-choria/aagent/machine/machine.go:339.43,344.2 3 0
github.com/choria-io/go-choria/aagent/machine/machine.go:347.56,352.2 3 0
github.com/choria-io/go-choria/aagent/machine/machine.go:355.43,360.2 3 0
github.com/choria-io/go-choria/aagent/machine/machine.go:363.38,368.2 3 0
github.com/choria-io/go-choria/aagent/machine/machine.go:371.59,377.2 4 0
github.com/choria-io/go-choria/aagent/machine/machine.go:380.52,385.2 3 0
github.com/choria-io/go-choria/aagent/machine/machine.go:388.42,393.2 3 0
github.com/choria-io/go-choria/aagent/machine/machine.go:395.50,400.2 3 0
github.com/choria-io/go-choria/aagent/machine/machine.go:402.46,407.2 3 0
github.com/choria-io/go-choria/aagent/machine/machine.go:409.61,414.16 4 0
github.com/choria-io/go-choria/aagent/machine/machine.go:414.16,416.3 1 0
github.com/choria-io/go-choria/aagent/machine/machine.go:418.2,421.12 3 0
github.com/choria-io/go-choria/aagent/machine/machine.go:424.85,429.17 4 0
github.com/choria-io/go-choria/aagent/machine/machine.go:429.17,432.3 2 0
github.com/choria-io/go-choria/aagent/machine/machine.go:434.2,435.16 2 0
github.com/choria-io/go-choria/aagent/machine/machine.go:435.16,438.3 2 0
github.com/choria-io/go-choria/aagent/machine/machine.go:440.2,440.37 1 0
github.com/choria-io/go-choria/aagent/machine/machine.go:443.63,448.18 4 0
github.com/choria-io/go-choria/aagent/machine/machine.go:448.18,449.20 1 0
github.com/choria-io/go-choria/aagent/machine/machine.go:449.20,451.18 2 0
github.com/choria-io/go-choria/aagent/machine/machine.go:451.18,453.5 1 0
github.com/choria-io/go-choria/aagent/machine/machine.go:454.9,456.4 1 0
github.com/choria-io/go-choria/aagent/machine/machine.go:459.2,459.19 1 0
github.com/choria-io/go-choria/aagent/machine/machine.go:462.46,467.2 3 0
github.com/choria-io/go-choria/aagent/machine/machine.go:469.50,474.18 4 0
github.com/choria-io/go-choria/aagent/machine/machine.go:474.18,476.3 1 0
github.com/choria-io/go-choria/aagent/machine/machine.go:479.2,479.28 1 0
github.com/choria-io/go-choria/aagent/machine/machine.go:483.53,485.2 1 1
github.com/choria-io/go-choria/aagent/machine/machine.go:488.34,490.2 1 0
github.com/choria-io/go-choria/aagent/machine/machine.go:492.33,498.27 4 0
github.com/choria-io/go-choria/aagent/machine/machine.go:498.27,500.3 1 0
github.com/choria-io/go-choria/aagent/machine/machine.go:502.2,502.35 1 0
github.com/choria-io/go-choria/aagent/machine/machine.go:505.36,508.34 2 1
github.com/choria-io/go-choria/aagent/machine/machine.go:508.34,514.3 1 1
github.com/choria-io/go-choria/aagent/machine/machine.go:516.2,516.22 1 1
github.com/choria-io/go-choria/aagent/machine/machine.go:516.22,518.3 1 0
github.com/choria-io/go-choria/aagent/machine/machine.go:520.2,521.58 1 1
github.com/choria-io/go-choria/aagent/machine/machine.go:521.58,535.40 2 1
github.com/choria-io/go-choria/aagent/machine/machine.go:535.40,537.5 1 0
github.com/choria-io/go-choria/aagent/machine/machine.go:539.4,539.41 1 1
github.com/choria-io/go-choria/aagent/machine/machine.go:539.41,540.15 1 0
github.com/choria-io/go-choria/aagent/machine/machine.go:540.15,542.6 1 0
github.com/choria-io/go-choria/aagent/machine/machine.go:544.5,545.19 2 0
github.com/choria-io/go-choria/aagent/machine/machine.go:545.19,547.6 1 0
github.com/choria-io/go-choria/aagent/machine/machine.go:552.2,554.12 2 1
github.com/choria-io/go-choria/aagent/machine/machine.go:558.36,559.25 1 1
github.com/choria-io/go-choria/aagent/machine/machine.go:559.25,561.3 1 1
github.com/choria-io/go-choria/aagent/machine/machine.go:563.2,563.28 1 1
github.com/choria-io/go-choria/aagent/machine/machine.go:563.28,565.3 1 1
github.com/choria-io/go-choria/aagent/machine/machine.go:567.2,567.26 1 1
github.com/choria-io/go-choria/aagent/machine/machine.go:567.26,569.3 1 1
github.com/choria-io/go-choria/aagent/machine/machine.go:571.2,571.29 1 1
github.com/choria-io/go-choria/aagent/machine/machine.go:571.29,573.3 1 1
github.com/choria-io/go-choria/aagent/machine/machine.go:575.2,575.29 1 1
github.com/choria-io/go-choria/aagent/machine/machine.go:575.29,577.3 1 1
github.com/choria-io/go-choria/aagent/machine/machine.go:579.2,579.33 1 1
github.com/choria-io/go-choria/aagent/machine/machine.go:579.33,581.17 2 1
github.com/choria-io/go-choria/aagent/machine/machine.go:581.17,583.4 1 0
github.com/choria-io/go-choria/aagent/machine/machine.go:585.3,586.17 2 1
github.com/choria-io/go-choria/aagent/machine/machine.go:586.17,588.4 1 0
github.com/choria-io/go-choria/aagent/machine/machine.go:590.3,591.17 2 1
github.com/choria-io/go-choria/aagent/machine/machine.go:591.17,593.4 1 0
github.com/choria-io/go-choria/aagent/machine/machine.go:596.2,596.12 1 1
github.com/choria-io/go-choria/aagent/machine/machine.go:600.33,602.16 2 1
github.com/choria-io/go-choria/aagent/machine/machine.go:602.16,604.3 1 1
github.com/choria-io/go-choria/aagent/machine/machine.go:606.2,606.21 1 1
github.com/choria-io/go-choria/aagent/machine/machine.go:610.90,615.17 3 1
github.com/choria-io/go-choria/aagent/machine/machine.go:615.17,616.23 1 1
github.com/choria-io/go-choria/aagent/machine/machine.go:616.23,622.11 4 0
github.com/choria-io/go-choria/aagent/machine/machine.go:623.15,623.15 0 0
github.com/choria-io/go-choria/aagent/machine/machine.go:624.24,628.11 4 0
github.com/choria-io/go-choria/aagent/machine/machine.go:632.3,635.17 3 1
github.com/choria-io/go-choria/aagent/machine/machine.go:635.17,637.4 1 0
github.com/choria-io/go-choria/aagent/machine/machine.go:637.9,639.4 1 1
github.com/choria-io/go-choria/aagent/machine/machine.go:641.3,641.24 1 1
github.com/choria-io/go-choria/aagent/machine/machine.go:644.2,646.16 2 1
github.com/choria-io/go-choria/aagent/machine/machine.go:650.36,655.2 3 0
github.com/choria-io/go-choria/aagent/machine/machine.go:659.28,665.27 4 0
github.com/choria-io/go-choria/aagent/machine/machine.go:665.27,667.3 1 0
github.com/choria-io/go-choria/aagent/machine/machine.go:669.2,669.21 1 0
github.com/choria-io/go-choria/aagent/machine/machine.go:669.21,672.3 2 0
github.com/choria-io/go-choria/aagent/machine/machine.go:674.2,674.27 1 0
github.com/choria-io/go-choria/aagent/machine/machine.go:678.26,682.27 3 1
github.com/choria-io/go-choria/aagent/machine/machine.go:682.27,684.3 1 0
github.com/choria-io/go-choria/aagent/machine/machine.go:686.2,686.21 1 1
github.com/choria-io/go-choria/aagent/machine/machine.go:686.21,689.3 2 1
github.com/choria-io/go-choria/aagent/machine/machine.go:691.2,691.27 1 1
github.com/choria-io/go-choria/aagent/machine/machine.go:694.53,695.27 1 1
github.com/choria-io/go-choria/aagent/machine/machine.go:695.27,697.3 1 1
github.com/choria-io/go-choria/aagent/machine/machine.go:699.2,699.29 1 1
github.com/choria-io/go-choria/aagent/machine/machine.go:699.29,702.17 3 0
github.com/choria-io/go-choria/aagent/machine/machine.go:702.17,704.4 1 0
github.com/choria-io/go-choria/aagent/machine/machine.go:706.3,706.36 1 0
github.com/choria-io/go-choria/aagent/machine/machine.go:709.2,711.12 2 1
github.com/choria-io/go-choria/aagent/machine/machine.go:715.59,719.13 3 1
github.com/choria-io/go-choria/aagent/machine/machine.go:719.13,721.3 1 0
github.com/choria-io/go-choria/aagent/machine/machine.go:723.2,723.14 1 1
github.com/choria-io/go-choria/aagent/machine/machine.go:723.14,725.17 2 1
github.com/choria-io/go-choria/aagent/machine/machine.go:725.17,727.4 1 0
github.com/choria-io/go-choria/aagent/machine/machine.go:729.3,729.33 1 1
github.com/choria-io/go-choria/aagent/machine/machine.go:730.8,732.3 1 1
github.com/choria-io/go-choria/aagent/machine/machine.go:734.2,734.12 1 1
github.com/choria-io/go-choria/aagent/machine/machine.go:738.38,740.2 1 1
github.com/choria-io/go-choria/aagent/machine/machine.go:743.47,746.34 2 1
github.com/choria-io/go-choria/aagent/machine/machine.go:746.34,748.3 1 1
github.com/choria-io/go-choria/aagent/machine/machine.go:750.2,750.20 1 1
github.com/choria-io/go-choria/aagent/machine/machine.go:754.42,758.28 3 1
github.com/choria-io/go-choria/aagent/machine/machine.go:758.28,761.32 2 1
github.com/choria-io/go-choria/aagent/machine/machine.go:761.32,763.4 1 1
github.com/choria-io/go-choria/aagent/machine/machine.go:765.3,765.16 1 1
github.com/choria-io/go-choria/aagent/machine/machine.go:768.2,768.28 1 1
github.com/choria-io/go-choria/aagent/machine/machine.go:768.28,770.3 1 1
github.com/choria-io/go-choria/aagent/machine/machine.go:772.2,776.34 3 1
github.com/choria-io/go-choria/aagent/machine/machine.go:776.34,779.28 2 1
github.com/choria-io/go-choria/aagent/machine/machine.go:779.28,781.4 1 1
github.com/choria-io/go-choria/aagent/machine/machine.go:784.2,784.17 1 1
github.com/choria-io/go-choria/aagent/machine/machine.go:788.51,795.2 4 0
github.com/choria-io/go-choria/aagent/machine/machine.go:798.54,805.16 5 0
github.com/choria-io/go-choria/aagent/machine/machine.go:805.16,808.3 2 0
github.com/choria-io/go-choria/aagent/machine/machine.go:810.2,810.12 1 0
github.com/choria-io/go-choria/aagent/machine/machine.go:814.48,819.9 4 0
github.com/choria-io/go-choria/aagent/machine/machine.go:819.9,821.3 1 0
github.com/choria-io/go-choria/aagent/machine/machine.go:823.2,826.16 3 0
github.com/choria-io/go-choria/aagent/machine/machine.go:826.16,829.3 2 0
github.com/choria-io/go-choria/aagent/machine/machine.go:831.2,831.12 1 0
github.com/choria-io/go-choria/aagent/machine/machine.go:834.36,836.27 2 1
github.com/choria-io/go-choria/aagent/machine/machine.go:836.27,838.3 1 1
github.com/choria-io/go-choria/aagent/machine/machine.go:840.2,841.16 2 0
github.com/choria-io/go-choria/aagent/machine/machine.go:841.16,843.3 1 0
github.com/choria-io/go-choria/aagent/machine/machine.go:845.2,848.35 3 0
github.com/choria-io/go-choria/aagent/machine/machine.go:852.36,854.16 2 0
github.com/choria-io/go-choria/aagent/machine/machine.go:854.16,856.3 1 0
github.com/choria-io/go-choria/aagent/machine/machine.go:858.2,859.16 2 0
github.com/choria-io/go-choria/aagent/machine/machine.go:859.16,861.3 1 0
github.com/choria-io/go-choria/aagent/machine/machine.go:862.2,866.16 4 0
github.com/choria-io/go-choria/aagent/machine/machine.go:866.16,868.3 1 0
github.com/choria-io/go-choria/aagent/machine/machine.go:870.2,870.73 1 0
github.com/choria-io/go-choria/aagent/machine/machine.go:874.41,879.27 4 0
github.com/choria-io/go-choria/aagent/machine/machine.go:879.27,881.3 1 0
github.com/choria-io/go-choria/aagent/machine/machine.go:883.2,883.12 1 0
github.com/choria-io/go-choria/aagent/machine/notifications.go:32.50,34.2 1 0
github.com/choria-io/go-choria/aagent/machine/notifications.go:37.65,48.2 8 0
github.com/choria-io/go-choria/aagent/machine/notifications.go:95.69,97.2 1 1
github.com/choria-io/go-choria/aagent/machine/notifications.go:100.70,101.32 1 1
github.com/choria-io/go-choria/aagent/machine/notifications.go:101.32,103.3 1 1
github.com/choria-io/go-choria/aagent/machine/notifications.go:107.69,108.32 1 1
github.com/choria-io/go-choria/aagent/machine/notifications.go:108.32,110.3 1 1
github.com/choria-io/go-choria/aagent/machine/notifications.go:114.69,115.32 1 1
github.com/choria-io/go-choria/aagent/machine/notifications.go:115.32,117.3 1 1
github.com/choria-io/go-choria/aagent/machine/notifications.go:121.70,122.32 1 1
github.com/choria-io/go-choria/aagent/machine/notifications.go:122.32,124.3 1 1
github.com/choria-io/go-choria/aagent/machine/notifications.go:128.65,130.9 2 1
github.com/choria-io/go-choria/aagent/machine/notifications.go:130.9,133.3 2 0
github.com/choria-io/go-choria/aagent/machine/notifications.go:135.2,135.32 1 1
github.com/choria-io/go-choria/aagent/machine/notifications.go:135.32,137.17 2 1
github.com/choria-io/go-choria/aagent/machine/notifications.go:137.17,139.4 1 0
github.com/choria-io/go-choria/aagent/watchers/archivewatcher/archive.go:101.212,114.16 4 1
github.com/choria-io/go-choria/aagent/watchers/archivewatcher/archive.go:114.16,116.3 1 0
github.com/choria-io/go-choria/aagent/watchers/archivewatcher/archive.go:118.2,119.16 2 1
github.com/choria-io/go-choria/aagent/watchers/archivewatcher/archive.go:119.16,121.3 1 0
github.com/choria-io/go-choria/aagent/watchers/archivewatcher/archive.go:123.2,123.20 1 1
github.com/choria-io/go-choria/aagent/watchers/archivewatcher/archive.go:123.20,125.17 2 1
github.com/choria-io/go-choria/aagent/watchers/archivewatcher/archive.go:125.17,127.4 1 0
github.com/choria-io/go-choria/aagent/watchers/archivewatcher/archive.go:129.3,129.40 1 1
github.com/choria-io/go-choria/aagent/watchers/archivewatcher/archive.go:129.40,131.4 1 0
github.com/choria-io/go-choria/aagent/watchers/archivewatcher/archive.go:134.2,134.21 1 1
github.com/choria-io/go-choria/aagent/watchers/archivewatcher/archive.go:137.64,142.21 3 0
github.com/choria-io/go-choria/aagent/watchers/archivewatcher/archive.go:142.21,145.3 2 0
github.com/choria-io/go-choria/aagent/watchers/archivewatcher/archive.go:147.2,149.6 2 0
github.com/choria-io/go-choria/aagent/watchers/archivewatcher/archive.go:149.6,150.10 1 0
github.com/choria-io/go-choria/aagent/watchers/archivewatcher/archive.go:151.35,152.29 1 0
github.com/choria-io/go-choria/aagent/watchers/archivewatcher/archive.go:154.21,157.10 3 0
github.com/choria-io/go-choria/aagent/watchers/archivewatcher/archive.go:162.58,165.28 2 1
github.com/choria-io/go-choria/aagent/watchers/archivewatcher/archive.go:165.28,167.3 1 1
github.com/choria-io/go-choria/aagent/watchers/archivewatcher/archive.go:169.2,169.41 1 1
github.com/choria-io/go-choria/aagent/watchers/archivewatcher/archive.go:169.41,171.3 1 0
github.com/choria-io/go-choria/aagent/watchers/archivewatcher/archive.go:173.2,174.30 2 1
github.com/choria-io/go-choria/aagent/watchers/archivewatcher/archive.go:174.30,177.3 2 1
github.com/choria-io/go-choria/aagent/watchers/archivewatcher/archive.go:181.2,181.49 1 1
github.com/choria-io/go-choria/aagent/watchers/archivewatcher/archive.go:181.49,183.3 1 0
github.com/choria-io/go-choria/aagent/watchers/archivewatcher/archive.go:185.2,186.16 2 1
github.com/choria-io/go-choria/aagent/watchers/archivewatcher/archive.go:186.16,189.3 2 1
github.com/choria-io/go-choria/aagent/watchers/archivewatcher/archive.go:191.2,193.35 2 1
github.com/choria-io/go-choria/aagent/watchers/archivewatcher/archive.go:196.71,197.22 1 0
github.com/choria-io/go-choria/aagent/watchers/archivewatcher/archive.go:197.22,199.3 1 0
github.com/choria-io/go-choria/aagent/watchers/archivewatcher/archive.go:201.2,202.15 2 0
github.com/choria-io/go-choria/aagent/watchers/archivewatcher/archive.go:202.15,206.3 3 0
github.com/choria-io/go-choria/aagent/watchers/archivewatcher/archive.go:208.2,209.39 2 0
github.com/choria-io/go-choria/aagent/watchers/archivewatcher/archive.go:209.39,211.3 1 0
github.com/choria-io/go-choria/aagent/watchers/archivewatcher/archive.go:213.2,213.33 1 0
github.com/choria-io/go-choria/aagent/watchers/archivewatcher/archive.go:213.33,215.17 2 0
github.com/choria-io/go-choria/aagent/watchers/archivewatcher/archive.go:215.17,218.4 2 0
github.com/choria-io/go-choria/aagent/watchers/archivewatcher/archive.go:219.3,219.14 1 0
github.com/choria-io/go-choria/aagent/watchers/archivewatcher/archive.go:222.2,226.14 4 0
github.com/choria-io/go-choria/aagent/watchers/archivewatcher/archive.go:226.14,228.3 1 0
github.com/choria-io/go-choria/aagent/watchers/archivewatcher/archive.go:229.2,229.16 1 0
github.com/choria-io/go-choria/aagent/watchers/archivewatcher/archive.go:229.16,231.3 1 0
github.com/choria-io/go-choria/aagent/watchers/archivewatcher/archive.go:232.2,232.14 1 0
github.com/choria-io/go-choria/aagent/watchers/archivewatcher/archive.go:232.14,234.3 1 0
github.com/choria-io/go-choria/aagent/watchers/archivewatcher/archive.go:236.2,237.16 2 0
github.com/choria-io/go-choria/aagent/watchers/archivewatcher/archive.go:237.16,239.3 1 0
github.com/choria-io/go-choria/aagent/watchers/archivewatcher/archive.go:241.2,241.27 1 0
github.com/choria-io/go-choria/aagent/watchers/archivewatcher/archive.go:241.27,243.17 2 0
github.com/choria-io/go-choria/aagent/watchers/archivewatcher/archive.go:243.17,245.4 1 0
github.com/choria-io/go-choria/aagent/watchers/archivewatcher/archive.go:248.2,248.49 1 0
github.com/choria-io/go-choria/aagent/watchers/archivewatcher/archive.go:248.49,250.17 2 0
github.com/choria-io/go-choria/aagent/watchers/archivewatcher/archive.go:250.17,252.4 1 0
github.com/choria-io/go-choria/aagent/watchers/archivewatcher/archive.go:255.2,256.16 2 0
github.com/choria-io/go-choria/aagent/watchers/archivewatcher/archive.go:256.16,258.3 1 0
github.com/choria-io/go-choria/aagent/watchers/archivewatcher/archive.go:260.2,262.24 2 0
github.com/choria-io/go-choria/aagent/watchers/archivewatcher/archive.go:267.71,268.16 1 0
github.com/choria-io/go-choria/aagent/watchers/archivewatcher/archive.go:268.16,270.3 1 0
github.com/choria-io/go-choria/aagent/watchers/archivewatcher/archive.go:272.2,272.25 1 0
github.com/choria-io/go-choria/aagent/watchers/archivewatcher/archive.go:272.25,274.3 1 0
github.com/choria-io/go-choria/aagent/watchers/archivewatcher/archive.go:276.2,277.18 2 0
github.com/choria-io/go-choria/aagent/watchers/archivewatcher/archive.go:277.18,279.3 1 0
github.com/choria-io/go-choria/aagent/watchers/archivewatcher/archive.go:281.2,282.16 2 0
github.com/choria-io/go-choria/aagent/watchers/archivewatcher/archive.go:282.16,284.3 1 0
github.com/choria-io/go-choria/aagent/watchers/archivewatcher/archive.go:286.2,287.16 2 0
github.com/choria-io/go-choria/aagent/watchers/archivewatcher/archive.go:287.16,289.3 1 0
github.com/choria-io/go-choria/aagent/watchers/archivewatcher/archive.go:291.2,292.16 2 0
github.com/choria-io/go-choria/aagent/watchers/archivewatcher/archive.go:292.16,294.3 1 0
github.com/choria-io/go-choria/aagent/watchers/archivewatcher/archive.go:296.2,296.49 1 0
github.com/choria-io/go-choria/aagent/watchers/archivewatcher/archive.go:296.49,298.17 2 0
github.com/choria-io/go-choria/aagent/watchers/archivewatcher/archive.go:298.17,301.4 2 0
github.com/choria-io/go-choria/aagent/watchers/archivewatcher/archive.go:304.2,304.16 1 0
github.com/choria-io/go-choria/aagent/watchers/archivewatcher/archive.go:307.44,309.16 2 1
github.com/choria-io/go-choria/aagent/watchers/archivewatcher/archive.go:309.16,311.3 1 1
github.com/choria-io/go-choria/aagent/watchers/archivewatcher/archive.go:312.2,312.15 1 1
github.com/choria-io/go-choria/aagent/watchers/archivewatcher/archive.go:312.15,314.3 1 1
github.com/choria-io/go-choria/aagent/watchers/archivewatcher/archive.go:316.2,317.33 2 1
github.com/choria-io/go-choria/aagent/watchers/archivewatcher/archive.go:317.33,319.3 1 0
github.com/choria-io/go-choria/aagent/watchers/archivewatcher/archive.go:321.2,322.16 2 1
github.com/choria-io/go-choria/aagent/watchers/archivewatcher/archive.go:322.16,324.3 1 0
github.com/choria-io/go-choria/aagent/watchers/archivewatcher/archive.go:325.2,325.9 1 1
github.com/choria-io/go-choria/aagent/watchers/archivewatcher/archive.go:325.9,327.3 1 1
github.com/choria-io/go-choria/aagent/watchers/archivewatcher/archive.go:329.2,329.78 1 1
github.com/choria-io/go-choria/aagent/watchers/archivewatcher/archive.go:329.78,330.10 1 1
github.com/choria-io/go-choria/aagent/watchers/archivewatcher/archive.go:330.10,332.4 1 1
github.com/choria-io/go-choria/aagent/watchers/archivewatcher/archive.go:334.2,334.16 1 1
github.com/choria-io/go-choria/aagent/watchers/archivewatcher/archive.go:334.16,336.3 1 0
github.com/choria-io/go-choria/aagent/watchers/archivewatcher/archive.go:338.2,338.9 1 1
github.com/choria-io/go-choria/aagent/watchers/archivewatcher/archive.go:338.9,340.3 1 1
github.com/choria-io/go-choria/aagent/watchers/archivewatcher/archive.go:342.2,342.12 1 1
github.com/choria-io/go-choria/aagent/watchers/archivewatcher/archive.go:345.54,347.16 2 0
github.com/choria-io/go-choria/aagent/watchers/archivewatcher/archive.go:347.16,349.3 1 0
github.com/choria-io/go-choria/aagent/watchers/archivewatcher/archive.go:351.2,352.6 2 0
github.com/choria-io/go-choria/aagent/watchers/archivewatcher/archive.go:352.6,354.20 2 0
github.com/choria-io/go-choria/aagent/watchers/archivewatcher/archive.go:354.20,355.9 1 0
github.com/choria-io/go-choria/aagent/watchers/archivewatcher/archive.go:356.9,356.24 1 0
github.com/choria-io/go-choria/aagent/watchers/archivewatcher/archive.go:356.24,358.4 1 0
github.com/choria-io/go-choria/aagent/watchers/archivewatcher/archive.go:360.3,360.71 1 0
github.com/choria-io/go-choria/aagent/watchers/archivewatcher/archive.go:360.71,362.4 1 0
github.com/choria-io/go-choria/aagent/watchers/archivewatcher/archive.go:364.3,364.42 1 0
github.com/choria-io/go-choria/aagent/watchers/archivewatcher/archive.go:364.42,366.4 1 0
github.com/choria-io/go-choria/aagent/watchers/archivewatcher/archive.go:368.3,369.34 2 0
github.com/choria-io/go-choria/aagent/watchers/archivewatcher/archive.go:369.34,371.4 1 0
github.com/choria-io/go-choria/aagent/watchers/archivewatcher/archive.go:373.3,374.18 2 0
github.com/choria-io/go-choria/aagent/watchers/archivewatcher/archive.go:374.18,376.18 2 0
github.com/choria-io/go-choria/aagent/watchers/archivewatcher/archive.go:376.18,378.5 1 0
github.com/choria-io/go-choria/aagent/watchers/archivewatcher/archive.go:379.4,379.12 1 0
github.com/choria-io/go-choria/aagent/watchers/archivewatcher/archive.go:382.3,383.17 2 0
github.com/choria-io/go-choria/aagent/watchers/archivewatcher/archive.go:383.17,385.4 1 0
github.com/choria-io/go-choria/aagent/watchers/archivewatcher/archive.go:386.3,388.17 3 0
github.com/choria-io/go-choria/aagent/watchers/archivewatcher/archive.go:388.17,390.4 1 0
github.com/choria-io/go-choria/aagent/watchers/archivewatcher/archive.go:393.2,393.12 1 0
github.com/choria-io/go-choria/aagent/watchers/archivewatcher/archive.go:396.47,399.27 2 1
github.com/choria-io/go-choria/aagent/watchers/archivewatcher/archive.go:399.27,401.17 2 1
github.com/choria-io/go-choria/aagent/watchers/archivewatcher/archive.go:401.17,403.4 1 0
github.com/choria-io/go-choria/aagent/watchers/archivewatcher/archive.go:406.2,406.33 1 1
github.com/choria-io/go-choria/aagent/watchers/archivewatcher/archive.go:411.77,413.16 2 0
github.com/choria-io/go-choria/aagent/watchers/archivewatcher/archive.go:413.16,415.3 1 0
github.com/choria-io/go-choria/aagent/watchers/archivewatcher/archive.go:417.2,418.16 2 0
github.com/choria-io/go-choria/aagent/watchers/archivewatcher/archive.go:418.16,420.3 1 0
github.com/choria-io/go-choria/aagent/watchers/archivewatcher/archive.go:422.2,422.18 1 0
github.com/choria-io/go-choria/aagent/watchers/archivewatcher/archive.go:422.18,424.3 1 0
github.com/choria-io/go-choria/aagent/watchers/archivewatcher/archive.go:425.2,425.26 1 0
github.com/choria-io/go-choria/aagent/watchers/archivewatcher/archive.go:425.26,427.3 1 0
github.com/choria-io/go-choria/aagent/watchers/archivewatcher/archive.go:429.2,432.16 3 0
github.com/choria-io/go-choria/aagent/watchers/archivewatcher/archive.go:432.16,434.3 1 0
github.com/choria-io/go-choria/aagent/watchers/archivewatcher/archive.go:436.2,437.16 2 0
github.com/choria-io/go-choria/aagent/watchers/archivewatcher/archive.go:437.16,439.3 1 0
github.com/choria-io/go-choria/aagent/watchers/archivewatcher/archive.go:440.2,440.14 1 0
github.com/choria-io/go-choria/aagent/watchers/archivewatcher/archive.go:440.14,442.3 1 0
github.com/choria-io/go-choria/aagent/watchers/archivewatcher/archive.go:444.2,445.16 2 0
github.com/choria-io/go-choria/aagent/watchers/archivewatcher/archive.go:445.16,448.3 2 0
github.com/choria-io/go-choria/aagent/watchers/archivewatcher/archive.go:449.2,453.21 3 0
github.com/choria-io/go-choria/aagent/watchers/archivewatcher/archive.go:453.21,456.28 2 0
github.com/choria-io/go-choria/aagent/watchers/archivewatcher/archive.go:456.28,462.4 1 0
github.com/choria-io/go-choria/aagent/watchers/archivewatcher/archive.go:464.3,465.17 2 0
github.com/choria-io/go-choria/aagent/watchers/archivewatcher/archive.go:465.17,467.4 1 0
github.com/choria-io/go-choria/aagent/watchers/archivewatcher/archive.go:468.3,470.34 2 0
github.com/choria-io/go-choria/aagent/watchers/archivewatcher/archive.go:470.34,472.18 2 0
github.com/choria-io/go-choria/aagent/watchers/archivewatcher/archive.go:472.18,474.5 1 0
github.com/choria-io/go-choria/aagent/watchers/archivewatcher/archive.go:475.4,476.18 2 0
github.com/choria-io/go-choria/aagent/watchers/archivewatcher/archive.go:476.18,478.5 1 0
github.com/choria-io/go-choria/aagent/watchers/archivewatcher/archive.go:480.4,480.32 1 0
github.com/choria-io/go-choria/aagent/watchers/archivewatcher/archive.go:483.3,484.17 2 0
github.com/choria-io/go-choria/aagent/watchers/archivewatcher/archive.go:484.17,486.4 1 0
github.com/choria-io/go-choria/aagent/watchers/archivewatcher/archive.go:487.3,490.17 3 0
github.com/choria-io/go-choria/aagent/watchers/archivewatcher/archive.go:490.17,492.4 1 0
github.com/choria-io/go-choria/aagent/watchers/archivewatcher/archive.go:494.3,497.17 3 0
github.com/choria-io/go-choria/aagent/watchers/archivewatcher/archive.go:497.17,499.4 1 0
github.com/choria-io/go-choria/aagent/watchers/archivewatcher/archive.go:500.3,500.10 1 0
github.com/choria-io/go-choria/aagent/watchers/archivewatcher/archive.go:500.10,502.4 1 0
github.com/choria-io/go-choria/aagent/watchers/archivewatcher/archive.go:504.3,504.13 1 0
github.com/choria-io/go-choria/aagent/watchers/archivewatcher/archive.go:506.2,506.16 1 0
github.com/choria-io/go-choria/aagent/watchers/archivewatcher/archive.go:506.16,509.3 2 0
github.com/choria-io/go-choria/aagent/watchers/archivewatcher/archive.go:511.2,511.30 1 0
github.com/choria-io/go-choria/aagent/watchers/archivewatcher/archive.go:511.30,513.3 1 0
github.com/choria-io/go-choria/aagent/watchers/archivewatcher/archive.go:515.2,515.23 1 0
github.com/choria-io/go-choria/aagent/watchers/archivewatcher/archive.go:518.65,522.52 3 0
github.com/choria-io/go-choria/aagent/watchers/archivewatcher/archive.go:522.52,524.3 1 0
github.com/choria-io/go-choria/aagent/watchers/archivewatcher/archive.go:526.2,527.16 2 0
github.com/choria-io/go-choria/aagent/watchers/archivewatcher/archive.go:527.16,529.3 1 0
github.com/choria-io/go-choria/aagent/watchers/archivewatcher/archive.go:532.76,537.6 3 0
github.com/choria-io/go-choria/aagent/watchers/archivewatcher/archive.go:537.6,538.10 1 0
github.com/choria-io/go-choria/aagent/watchers/archivewatcher/archive.go:539.17,540.30 1 0
github.com/choria-io/go-choria/aagent/watchers/archivewatcher/archive.go:542.21,544.10 2 0
github.com/choria-io/go-choria/aagent/watchers/archivewatcher/archive.go:549.57,556.11 5 0
github.com/choria-io/go-choria/aagent/watchers/archivewatcher/archive.go:557.13,558.17 1 0
github.com/choria-io/go-choria/aagent/watchers/archivewatcher/archive.go:558.17,560.4 1 0
github.com/choria-io/go-choria/aagent/watchers/archivewatcher/archive.go:562.3,563.31 2 0
github.com/choria-io/go-choria/aagent/watchers/archivewatcher/archive.go:565.18,567.31 2 0
github.com/choria-io/go-choria/aagent/watchers/archivewatcher/archive.go:569.18,571.31 2 0
github.com/choria-io/go-choria/aagent/watchers/archivewatcher/archive.go:573.20,575.31 2 0
github.com/choria-io/go-choria/aagent/watchers/archivewatcher/archive.go:579.2,579.12 1 0
github.com/choria-io/go-choria/aagent/watchers/archivewatcher/archive.go:582.61,583.25 1 1
github.com/choria-io/go-choria/aagent/watchers/archivewatcher/archive.go:583.25,585.3 1 0
github.com/choria-io/go-choria/aagent/watchers/archivewatcher/archive.go:587.2,588.16 2 1
github.com/choria-io/go-choria/aagent/watchers/archivewatcher/archive.go:588.16,590.3 1 0
github.com/choria-io/go-choria/aagent/watchers/archivewatcher/archive.go:592.2,592.21 1 1
github.com/choria-io/go-choria/aagent/watchers/archivewatcher/archive.go:595.36,596.31 1 1
github.com/choria-io/go-choria/aagent/watchers/archivewatcher/archive.go:596.31,598.3 1 0
github.com/choria-io/go-choria/aagent/watchers/archivewatcher/archive.go:600.2,600.32 1 1
github.com/choria-io/go-choria/aagent/watchers/archivewatcher/archive.go:600.32,602.3 1 0
github.com/choria-io/go-choria/aagent/watchers/archivewatcher/archive.go:606.2,606.40 1 1
github.com/choria-io/go-choria/aagent/watchers/archivewatcher/archive.go:606.40,608.3 1 0
github.com/choria-io/go-choria/aagent/watchers/archivewatcher/archive.go:610.2,610.40 1 1
github.com/choria-io/go-choria/aagent/watchers/archivewatcher/archive.go:610.40,612.3 1 0
github.com/choria-io/go-choria/aagent/watchers/archivewatcher/archive.go:614.2,614.88 1 1
github.com/choria-io/go-choria/aagent/watchers/archivewatcher/archive.go:614.88,616.3 1 0
github.com/choria-io/go-choria/aagent/watchers/archivewatcher/archive.go:618.2,618.64 1 1
github.com/choria-io/go-choria/aagent/watchers/archivewatcher/archive.go:618.64,620.3 1 0
github.com/choria-io/go-choria/aagent/watchers/archivewatcher/archive.go:622.2,622.70 1 1
github.com/choria-io/go-choria/aagent/watchers/archivewatcher/archive.go:622.70,625.3 2 0
github.com/choria-io/go-choria/aagent/watchers/archivewatcher/archive.go:627.2,627.42 1 1
github.com/choria-io/go-choria/aagent/watchers/archivewatcher/archive.go:627.42,630.3 2 1
github.com/choria-io/go-choria/aagent/watchers/archivewatcher/archive.go:632.2,632.12 1 1
github.com/choria-io/go-choria/aagent/watchers/archivewatcher/archive.go:635.38,647.28 4 0
github.com/choria-io/go-choria/aagent/watchers/archivewatcher/archive.go:647.28,649.3 1 0
github.com/choria-io/go-choria/aagent/watchers/archivewatcher/archive.go:651.2,651.10 1 0
github.com/choria-io/go-choria/aagent/watchers/archivewatcher/plugin.go:11.43,12.60 1 0
github.com/choria-io/go-choria/aagent/watchers/archivewatcher/plugin.go:12.60,12.91 1 0
github.com/choria-io/go-choria/aagent/watchers/archivewatcher/state_notification.go:27.60,29.2 1 0
github.com/choria-io/go-choria/aagent/watchers/archivewatcher/state_notification.go:32.52,34.2 1 0
github.com/choria-io/go-choria/aagent/watchers/archivewatcher/state_notification.go:37.45,39.2 1 0
github.com/choria-io/go-choria/aagent/watchers/execwatcher/exec.go:72.212,86.16 4 1
github.com/choria-io/go-choria/aagent/watchers/execwatcher/exec.go:86.16,88.3 1 0
github.com/choria-io/go-choria/aagent/watchers/execwatcher/exec.go:90.2,91.16 2 1
github.com/choria-io/go-choria/aagent/watchers/execwatcher/exec.go:91.16,93.3 1 0
github.com/choria-io/go-choria/aagent/watchers/execwatcher/exec.go:95.2,95.20 1 1
github.com/choria-io/go-choria/aagent/watchers/execwatcher/exec.go:95.20,97.17 2 1
github.com/choria-io/go-choria/aagent/watchers/execwatcher/exec.go:97.17,99.4 1 0
github.com/choria-io/go-choria/aagent/watchers/execwatcher/exec.go:101.3,101.43 1 1
github.com/choria-io/go-choria/aagent/watchers/execwatcher/exec.go:101.43,103.4 1 0
github.com/choria-io/go-choria/aagent/watchers/execwatcher/exec.go:106.2,106.18 1 1
github.com/choria-io/go-choria/aagent/watchers/execwatcher/exec.go:109.36,110.32 1 1
github.com/choria-io/go-choria/aagent/watchers/execwatcher/exec.go:110.32,112.3 1 1
github.com/choria-io/go-choria/aagent/watchers/execwatcher/exec.go:114.2,114.31 1 1
github.com/choria-io/go-choria/aagent/watchers/execwatcher/exec.go:114.31,116.3 1 1
github.com/choria-io/go-choria/aagent/watchers/execwatcher/exec.go:118.2,118.70 1 1
github.com/choria-io/go-choria/aagent/watchers/execwatcher/exec.go:118.70,121.3 2 0
github.com/choria-io/go-choria/aagent/watchers/execwatcher/exec.go:123.2,123.54 1 1
github.com/choria-io/go-choria/aagent/watchers/execwatcher/exec.go:123.54,125.3 1 1
github.com/choria-io/go-choria/aagent/watchers/execwatcher/exec.go:127.2,127.12 1 1
github.com/choria-io/go-choria/aagent/watchers/execwatcher/exec.go:130.61,131.25 1 1
github.com/choria-io/go-choria/aagent/watchers/execwatcher/exec.go:131.25,133.3 1 1
github.com/choria-io/go-choria/aagent/watchers/execwatcher/exec.go:135.2,136.16 2 1
github.com/choria-io/go-choria/aagent/watchers/execwatcher/exec.go:136.16,138.3 1 0
github.com/choria-io/go-choria/aagent/watchers/execwatcher/exec.go:140.2,140.21 1 1
github.com/choria-io/go-choria/aagent/watchers/execwatcher/exec.go:143.64,148.21 3 0
github.com/choria-io/go-choria/aagent/watchers/execwatcher/exec.go:148.21,151.3 2 0
github.com/choria-io/go-choria/aagent/watchers/execwatcher/exec.go:153.2,153.6 1 0
github.com/choria-io/go-choria/aagent/watchers/execwatcher/exec.go:153.6,154.10 1 0
github.com/choria-io/go-choria/aagent/watchers/execwatcher/exec.go:155.35,156.29 1 0
github.com/choria-io/go-choria/aagent/watchers/execwatcher/exec.go:158.21,161.10 3 0
github.com/choria-io/go-choria/aagent/watchers/execwatcher/exec.go:166.76,170.37 3 0
github.com/choria-io/go-choria/aagent/watchers/execwatcher/exec.go:170.37,173.16 3 0
github.com/choria-io/go-choria/aagent/watchers/execwatcher/exec.go:173.16,175.4 1 0
github.com/choria-io/go-choria/aagent/watchers/execwatcher/exec.go:177.3,177.20 1 0
github.com/choria-io/go-choria/aagent/watchers/execwatcher/exec.go:180.2,180.6 1 0
github.com/choria-io/go-choria/aagent/watchers/execwatcher/exec.go:180.6,181.10 1 0
github.com/choria-io/go-choria/aagent/watchers/execwatcher/exec.go:182.17,184.26 2 0
github.com/choria-io/go-choria/aagent/watchers/execwatcher/exec.go:186.21,188.10 2 0
github.com/choria-io/go-choria/aagent/watchers/execwatcher/exec.go:193.65,197.52 3 0
github.com/choria-io/go-choria/aagent/watchers/execwatcher/exec.go:197.52,199.3 1 0
github.com/choria-io/go-choria/aagent/watchers/execwatcher/exec.go:201.2,202.16 2 0
github.com/choria-io/go-choria/aagent/watchers/execwatcher/exec.go:202.16,204.3 1 0
github.com/choria-io/go-choria/aagent/watchers/execwatcher/exec.go:207.57,214.11 5 0
github.com/choria-io/go-choria/aagent/watchers/execwatcher/exec.go:215.13,216.17 1 0
github.com/choria-io/go-choria/aagent/watchers/execwatcher/exec.go:216.17,218.4 1 0
github.com/choria-io/go-choria/aagent/watchers/execwatcher/exec.go:220.3,221.31 2 0
github.com/choria-io/go-choria/aagent/watchers/execwatcher/exec.go:223.15,224.44 1 0
github.com/choria-io/go-choria/aagent/watchers/execwatcher/exec.go:224.44,226.4 1 0
github.com/choria-io/go-choria/aagent/watchers/execwatcher/exec.go:228.3,228.31 1 0
github.com/choria-io/go-choria/aagent/watchers/execwatcher/exec.go:231.2,231.12 1 0
github.com/choria-io/go-choria/aagent/watchers/execwatcher/exec.go:234.38,246.2 4 1
github.com/choria-io/go-choria/aagent/watchers/execwatcher/exec.go:248.71,249.22 1 0
github.com/choria-io/go-choria/aagent/watchers/execwatcher/exec.go:249.22,251.3 1 0
github.com/choria-io/go-choria/aagent/watchers/execwatcher/exec.go:253.2,253.33 1 0
github.com/choria-io/go-choria/aagent/watchers/execwatcher/exec.go:253.33,255.17 2 0
github.com/choria-io/go-choria/aagent/watchers/execwatcher/exec.go:255.17,258.4 2 0
github.com/choria-io/go-choria/aagent/watchers/execwatcher/exec.go:259.3,259.14 1 0
github.com/choria-io/go-choria/aagent/watchers/execwatcher/exec.go:262.2,263.15 2 0
github.com/choria-io/go-choria/aagent/watchers/execwatcher/exec.go:263.15,267.3 3 0
github.com/choria-io/go-choria/aagent/watchers/execwatcher/exec.go:269.2,275.16 5 0
github.com/choria-io/go-choria/aagent/watchers/execwatcher/exec.go:275.16,277.3 1 0
github.com/choria-io/go-choria/aagent/watchers/execwatcher/exec.go:279.2,280.16 2 0
github.com/choria-io/go-choria/aagent/watchers/execwatcher/exec.go:280.16,283.3 2 0
github.com/choria-io/go-choria/aagent/watchers/execwatcher/exec.go:285.2,285.24 1 0
github.com/choria-io/go-choria/aagent/watchers/execwatcher/exec.go:285.24,288.3 2 0
github.com/choria-io/go-choria/aagent/watchers/execwatcher/exec.go:290.2,291.23 2 0
github.com/choria-io/go-choria/aagent/watchers/execwatcher/exec.go:291.23,293.3 1 0
github.com/choria-io/go-choria/aagent/watchers/execwatcher/exec.go:295.2,296.16 2 0
github.com/choria-io/go-choria/aagent/watchers/execwatcher/exec.go:296.16,299.3 2 0
github.com/choria-io/go-choria/aagent/watchers/execwatcher/exec.go:300.2,303.16 3 0
github.com/choria-io/go-choria/aagent/watchers/execwatcher/exec.go:303.16,306.3 2 0
github.com/choria-io/go-choria/aagent/watchers/execwatcher/exec.go:307.2,310.25 3 0
github.com/choria-io/go-choria/aagent/watchers/execwatcher/exec.go:310.25,312.3 1 0
github.com/choria-io/go-choria/aagent/watchers/execwatcher/exec.go:312.8,314.3 1 0
github.com/choria-io/go-choria/aagent/watchers/execwatcher/exec.go:315.2,323.45 7 0
github.com/choria-io/go-choria/aagent/watchers/execwatcher/exec.go:323.45,325.17 2 0
github.com/choria-io/go-choria/aagent/watchers/execwatcher/exec.go:325.17,327.4 1 0
github.com/choria-io/go-choria/aagent/watchers/execwatcher/exec.go:328.3,328.32 1 0
github.com/choria-io/go-choria/aagent/watchers/execwatcher/exec.go:331.2,332.25 2 0
github.com/choria-io/go-choria/aagent/watchers/execwatcher/exec.go:332.25,335.17 3 0
github.com/choria-io/go-choria/aagent/watchers/execwatcher/exec.go:335.17,337.4 1 0
github.com/choria-io/go-choria/aagent/watchers/execwatcher/exec.go:339.3,340.13 2 0
github.com/choria-io/go-choria/aagent/watchers/execwatcher/exec.go:340.13,342.4 1 0
github.com/choria-io/go-choria/aagent/watchers/execwatcher/exec.go:344.3,344.10 1 0
github.com/choria-io/go-choria/aagent/watchers/execwatcher/exec.go:345.21,345.21 0 0
github.com/choria-io/go-choria/aagent/watchers/execwatcher/exec.go:346.21,347.19 1 0
github.com/choria-io/go-choria/aagent/watchers/execwatcher/exec.go:349.8,351.3 1 0
github.com/choria-io/go-choria/aagent/watchers/execwatcher/exec.go:352.2,352.16 1 0
github.com/choria-io/go-choria/aagent/watchers/execwatcher/exec.go:352.16,355.3 2 0
github.com/choria-io/go-choria/aagent/watchers/execwatcher/exec.go:357.2,359.31 2 0
github.com/choria-io/go-choria/aagent/watchers/execwatcher/exec.go:359.31,361.17 2 0
github.com/choria-io/go-choria/aagent/watchers/execwatcher/exec.go:361.17,364.4 2 0
github.com/choria-io/go-choria/aagent/watchers/execwatcher/exec.go:367.2,367.21 1 0
github.com/choria-io/go-choria/aagent/watchers/execwatcher/exec.go:370.56,373.16 3 0
github.com/choria-io/go-choria/aagent/watchers/execwatcher/exec.go:373.16,375.3 1 0
github.com/choria-io/go-choria/aagent/watchers/execwatcher/exec.go:377.2,377.24 1 0
github.com/choria-io/go-choria/aagent/watchers/execwatcher/exec.go:377.24,379.17 2 0
github.com/choria-io/go-choria/aagent/watchers/execwatcher/exec.go:379.17,381.4 1 0
github.com/choria-io/go-choria/aagent/watchers/execwatcher/exec.go:384.2,384.12 1 0
github.com/choria-io/go-choria/aagent/watchers/execwatcher/plugin.go:11.43,12.60 1 0
github.com/choria-io/go-choria/aagent/watchers/execwatcher/plugin.go:12.60,12.91 1 0
github.com/choria-io/go-choria/aagent/watchers/execwatcher/state_notification.go:27.60,29.2 1 1
github.com/choria-io/go-choria/aagent/watchers/execwatcher/state_notification.go:32.52,34.2 1 1
github.com/choria-io/go-choria/aagent/watchers/execwatcher/state_notification.go:37.45,39.2 1 0
github.com/choria-io/go-choria/aagent/watchers/expressionwatcher/expression.go:59.215,72.16 4 1
github.com/choria-io/go-choria/aagent/watchers/expressionwatcher/expression.go:72.16,74.3 1 0
github.com/choria-io/go-choria/aagent/watchers/expressionwatcher/expression.go:76.2,77.16 2 1
github.com/choria-io/go-choria/aagent/watchers/expressionwatcher/expression.go:77.16,79.3 1 0
github.com/choria-io/go-choria/aagent/watchers/expressionwatcher/expression.go:81.2,81.20 1 1
github.com/choria-io/go-choria/aagent/watchers/expressionwatcher/expression.go:81.20,83.17 2 1
github.com/choria-io/go-choria/aagent/watchers/expressionwatcher/expression.go:83.17,85.4 1 0
github.com/choria-io/go-choria/aagent/watchers/expressionwatcher/expression.go:87.3,87.41 1 1
github.com/choria-io/go-choria/aagent/watchers/expressionwatcher/expression.go:87.41,89.4 1 0
github.com/choria-io/go-choria/aagent/watchers/expressionwatcher/expression.go:92.2,92.16 1 1
github.com/choria-io/go-choria/aagent/watchers/expressionwatcher/expression.go:95.64,102.6 4 0
github.com/choria-io/go-choria/aagent/watchers/expressionwatcher/expression.go:102.6,103.10 1 0
github.com/choria-io/go-choria/aagent/watchers/expressionwatcher/expression.go:104.17,106.20 2 0
github.com/choria-io/go-choria/aagent/watchers/expressionwatcher/expression.go:108.27,110.20 2 0
github.com/choria-io/go-choria/aagent/watchers/expressionwatcher/expression.go:112.22,114.10 2 0
github.com/choria-io/go-choria/aagent/watchers/expressionwatcher/expression.go:116.21,118.10 2 0
github.com/choria-io/go-choria/aagent/watchers/expressionwatcher/expression.go:122.34,124.16 2 0
github.com/choria-io/go-choria/aagent/watchers/expressionwatcher/expression.go:124.16,126.3 1 0
github.com/choria-io/go-choria/aagent/watchers/expressionwatcher/expression.go:129.61,136.16 5 1
github.com/choria-io/go-choria/aagent/watchers/expressionwatcher/expression.go:136.16,138.3 1 1
github.com/choria-io/go-choria/aagent/watchers/expressionwatcher/expression.go:140.2,140.15 1 1
github.com/choria-io/go-choria/aagent/watchers/expressionwatcher/expression.go:141.19,144.30 2 1
github.com/choria-io/go-choria/aagent/watchers/expressionwatcher/expression.go:144.30,146.4 1 1
github.com/choria-io/go-choria/aagent/watchers/expressionwatcher/expression.go:148.16,151.27 2 1
github.com/choria-io/go-choria/aagent/watchers/expressionwatcher/expression.go:151.27,153.4 1 1
github.com/choria-io/go-choria/aagent/watchers/expressionwatcher/expression.go:155.13,156.17 1 1
github.com/choria-io/go-choria/aagent/watchers/expressionwatcher/expression.go:156.17,158.4 1 1
github.com/choria-io/go-choria/aagent/watchers/expressionwatcher/expression.go:160.3,160.41 1 1
github.com/choria-io/go-choria/aagent/watchers/expressionwatcher/expression.go:163.2,163.12 1 1
github.com/choria-io/go-choria/aagent/watchers/expressionwatcher/expression.go:166.52,167.22 1 1
github.com/choria-io/go-choria/aagent/watchers/expressionwatcher/expression.go:167.22,169.3 1 0
github.com/choria-io/go-choria/aagent/watchers/expressionwatcher/expression.go:171.2,171.36 1 1
github.com/choria-io/go-choria/aagent/watchers/expressionwatcher/expression.go:171.36,173.17 2 1
github.com/choria-io/go-choria/aagent/watchers/expressionwatcher/expression.go:173.17,175.4 1 1
github.com/choria-io/go-choria/aagent/watchers/expressionwatcher/expression.go:177.3,177.10 1 1
github.com/choria-io/go-choria/aagent/watchers/expressionwatcher/expression.go:177.10,179.4 1 1
github.com/choria-io/go-choria/aagent/watchers/expressionwatcher/expression.go:182.2,182.33 1 1
github.com/choria-io/go-choria/aagent/watchers/expressionwatcher/expression.go:182.33,184.17 2 1
github.com/choria-io/go-choria/aagent/watchers/expressionwatcher/expression.go:184.17,186.4 1 1
github.com/choria-io/go-choria/aagent/watchers/expressionwatcher/expression.go:188.3,188.10 1 1
github.com/choria-io/go-choria/aagent/watchers/expressionwatcher/expression.go:188.10,190.4 1 1
github.com/choria-io/go-choria/aagent/watchers/expressionwatcher/expression.go:193.2,193.21 1 1
github.com/choria-io/go-choria/aagent/watchers/expressionwatcher/expression.go:196.38,204.2 3 1
github.com/choria-io/go-choria/aagent/watchers/expressionwatcher/expression.go:206.28,208.2 1 0
github.com/choria-io/go-choria/aagent/watchers/expressionwatcher/expression.go:210.61,211.25 1 1
github.com/choria-io/go-choria/aagent/watchers/expressionwatcher/expression.go:211.25,213.3 1 1
github.com/choria-io/go-choria/aagent/watchers/expressionwatcher/expression.go:215.2,216.16 2 1
github.com/choria-io/go-choria/aagent/watchers/expressionwatcher/expression.go:216.16,218.3 1 0
github.com/choria-io/go-choria/aagent/watchers/expressionwatcher/expression.go:220.2,220.21 1 1
github.com/choria-io/go-choria/aagent/watchers/expressionwatcher/expression.go:223.36,224.30 1 1
github.com/choria-io/go-choria/aagent/watchers/expressionwatcher/expression.go:224.30,226.3 1 1
github.com/choria-io/go-choria/aagent/watchers/expressionwatcher/expression.go:228.2,228.67 1 1
github.com/choria-io/go-choria/aagent/watchers/expressionwatcher/expression.go:228.67,230.3 1 1
github.com/choria-io/go-choria/aagent/watchers/expressionwatcher/expression.go:232.2,232.12 1 1
github.com/choria-io/go-choria/aagent/watchers/expressionwatcher/matcher.go:14.62,15.13 1 1
github.com/choria-io/go-choria/aagent/watchers/expressionwatcher/matcher.go:15.13,17.3 1 0
github.com/choria-io/go-choria/aagent/watchers/expressionwatcher/matcher.go:19.2,22.38 1 1
github.com/choria-io/go-choria/aagent/watchers/expressionwatcher/matcher.go:22.38,22.97 1 1
github.com/choria-io/go-choria/aagent/watchers/expressionwatcher/matcher.go:26.2,28.16 3 1
github.com/choria-io/go-choria/aagent/watchers/expressionwatcher/matcher.go:28.16,30.3 1 1
github.com/choria-io/go-choria/aagent/watchers/expressionwatcher/matcher.go:32.2,33.16 2 1
github.com/choria-io/go-choria/aagent/watchers/expressionwatcher/matcher.go:33.16,35.3 1 0
github.com/choria-io/go-choria/aagent/watchers/expressionwatcher/matcher.go:37.2,38.9 2 1
github.com/choria-io/go-choria/aagent/watchers/expressionwatcher/matcher.go:38.9,40.3 1 0
github.com/choria-io/go-choria/aagent/watchers/expressionwatcher/matcher.go:42.2,44.15 2 1
github.com/choria-io/go-choria/aagent/watchers/expressionwatcher/plugin.go:11.43,12.60 1 0
github.com/choria-io/go-choria/aagent/watchers/expressionwatcher/plugin.go:12.60,12.91 1 0
github.com/choria-io/go-choria/aagent/watchers/expressionwatcher/state_notification.go:24.60,26.2 1 0
github.com/choria-io/go-choria/aagent/watchers/expressionwatcher/state_notification.go:29.52,31.2 1 0
github.com/choria-io/go-choria/aagent/watchers/expressionwatcher/state_notification.go:34.45,36.2 1 0
github.com/choria-io/go-choria/aagent/watchers/filewatcher/file.go:69.215,81.16 4 1
github.com/choria-io/go-choria/aagent/watchers/filewatcher/file.go:81.16,83.3 1 0
github.com/choria-io/go-choria/aagent/watchers/filewatcher/file.go:85.2,86.16 2 1
github.com/choria-io/go-choria/aagent/watchers/filewatcher/file.go:86.16,88.3 1 0
github.com/choria-io/go-choria/aagent/watchers/filewatcher/file.go:90.2,90.41 1 1
github.com/choria-io/go-choria/aagent/watchers/filewatcher/file.go:90.41,92.3 1 1
github.com/choria-io/go-choria/aagent/watchers/filewatcher/file.go:94.2,94.20 1 1
github.com/choria-io/go-choria/aagent/watchers/filewatcher/file.go:94.20,96.17 2 1
github.com/choria-io/go-choria/aagent/watchers/filewatcher/file.go:96.17,98.4 1 0
github.com/choria-io/go-choria/aagent/watchers/filewatcher/file.go:101.2,101.40 1 1
github.com/choria-io/go-choria/aagent/watchers/filewatcher/file.go:101.40,103.3 1 0
github.com/choria-io/go-choria/aagent/watchers/filewatcher/file.go:105.2,105.16 1 1
github.com/choria-io/go-choria/aagent/watchers/filewatcher/file.go:108.64,115.26 4 0
github.com/choria-io/go-choria/aagent/watchers/filewatcher/file.go:115.26,117.17 2 0
github.com/choria-io/go-choria/aagent/watchers/filewatcher/file.go:117.17,119.4 1 0
github.com/choria-io/go-choria/aagent/watchers/filewatcher/file.go:122.2,122.6 1 0
github.com/choria-io/go-choria/aagent/watchers/filewatcher/file.go:122.6,123.10 1 0
github.com/choria-io/go-choria/aagent/watchers/filewatcher/file.go:124.17,125.23 1 0
github.com/choria-io/go-choria/aagent/watchers/filewatcher/file.go:127.35,128.23 1 0
github.com/choria-io/go-choria/aagent/watchers/filewatcher/file.go:130.21,133.10 3 0
github.com/choria-io/go-choria/aagent/watchers/filewatcher/file.go:138.51,141.16 3 0
github.com/choria-io/go-choria/aagent/watchers/filewatcher/file.go:141.16,143.3 1 0
github.com/choria-io/go-choria/aagent/watchers/filewatcher/file.go:146.38,157.2 4 1
github.com/choria-io/go-choria/aagent/watchers/filewatcher/file.go:159.45,164.2 3 0
github.com/choria-io/go-choria/aagent/watchers/filewatcher/file.go:166.57,171.11 3 0
github.com/choria-io/go-choria/aagent/watchers/filewatcher/file.go:172.13,174.31 2 0
github.com/choria-io/go-choria/aagent/watchers/filewatcher/file.go:176.15,178.31 2 0
github.com/choria-io/go-choria/aagent/watchers/filewatcher/file.go:180.17,180.17 0 0
github.com/choria-io/go-choria/aagent/watchers/filewatcher/file.go:183.15,183.15 0 0
github.com/choria-io/go-choria/aagent/watchers/filewatcher/file.go:187.15,188.24 1 0
github.com/choria-io/go-choria/aagent/watchers/filewatcher/file.go:191.2,191.12 1 0
github.com/choria-io/go-choria/aagent/watchers/filewatcher/file.go:194.60,196.9 2 0
github.com/choria-io/go-choria/aagent/watchers/filewatcher/file.go:197.51,199.22 2 0
github.com/choria-io/go-choria/aagent/watchers/filewatcher/file.go:201.26,203.45 2 0
github.com/choria-io/go-choria/aagent/watchers/filewatcher/file.go:205.18,207.20 2 0
github.com/choria-io/go-choria/aagent/watchers/filewatcher/file.go:209.10,210.24 1 0
github.com/choria-io/go-choria/aagent/watchers/filewatcher/file.go:214.89,216.16 2 1
github.com/choria-io/go-choria/aagent/watchers/filewatcher/file.go:216.16,218.3 1 0
github.com/choria-io/go-choria/aagent/watchers/filewatcher/file.go:220.2,221.16 2 1
github.com/choria-io/go-choria/aagent/watchers/filewatcher/file.go:221.16,223.3 1 0
github.com/choria-io/go-choria/aagent/watchers/filewatcher/file.go:224.2,228.16 4 1
github.com/choria-io/go-choria/aagent/watchers/filewatcher/file.go:228.16,230.3 1 0
github.com/choria-io/go-choria/aagent/watchers/filewatcher/file.go:232.2,233.16 2 1
github.com/choria-io/go-choria/aagent/watchers/filewatcher/file.go:233.16,235.3 1 0
github.com/choria-io/go-choria/aagent/watchers/filewatcher/file.go:237.2,237.31 1 1
github.com/choria-io/go-choria/aagent/watchers/filewatcher/file.go:237.31,239.17 2 1
github.com/choria-io/go-choria/aagent/watchers/filewatcher/file.go:239.17,241.4 1 0
github.com/choria-io/go-choria/aagent/watchers/filewatcher/file.go:243.3,244.17 2 1
github.com/choria-io/go-choria/aagent/watchers/filewatcher/file.go:244.17,246.4 1 0
github.com/choria-io/go-choria/aagent/watchers/filewatcher/file.go:248.3,248.33 1 1
github.com/choria-io/go-choria/aagent/watchers/filewatcher/file.go:248.33,250.18 2 0
github.com/choria-io/go-choria/aagent/watchers/filewatcher/file.go:250.18,252.5 1 0
github.com/choria-io/go-choria/aagent/watchers/filewatcher/file.go:253.4,254.18 2 0
github.com/choria-io/go-choria/aagent/watchers/filewatcher/file.go:254.18,256.5 1 0
github.com/choria-io/go-choria/aagent/watchers/filewatcher/file.go:258.4,259.18 2 0
github.com/choria-io/go-choria/aagent/watchers/filewatcher/file.go:259.18,261.5 1 0
github.com/choria-io/go-choria/aagent/watchers/filewatcher/file.go:262.4,263.18 2 0
github.com/choria-io/go-choria/aagent/watchers/filewatcher/file.go:263.18,265.5 1 0
github.com/choria-io/go-choria/aagent/watchers/filewatcher/file.go:267.4,268.18 2 0
github.com/choria-io/go-choria/aagent/watchers/filewatcher/file.go:268.18,270.5 1 0
github.com/choria-io/go-choria/aagent/watchers/filewatcher/file.go:274.2,275.16 2 1
github.com/choria-io/go-choria/aagent/watchers/filewatcher/file.go:275.16,277.3 1 0
github.com/choria-io/go-choria/aagent/watchers/filewatcher/file.go:279.2,280.16 2 1
github.com/choria-io/go-choria/aagent/watchers/filewatcher/file.go:280.16,282.3 1 0
github.com/choria-io/go-choria/aagent/watchers/filewatcher/file.go:284.2,285.16 2 1
github.com/choria-io/go-choria/aagent/watchers/filewatcher/file.go:285.16,287.3 1 1
github.com/choria-io/go-choria/aagent/watchers/filewatcher/file.go:289.2,289.21 1 1
github.com/choria-io/go-choria/aagent/watchers/filewatcher/file.go:292.63,294.16 2 1
github.com/choria-io/go-choria/aagent/watchers/filewatcher/file.go:294.16,296.3 1 0
github.com/choria-io/go-choria/aagent/watchers/filewatcher/file.go:297.2,297.16 1 1
github.com/choria-io/go-choria/aagent/watchers/filewatcher/file.go:297.16,299.3 1 0
github.com/choria-io/go-choria/aagent/watchers/filewatcher/file.go:301.2,302.16 2 1
github.com/choria-io/go-choria/aagent/watchers/filewatcher/file.go:302.16,304.3 1 0
github.com/choria-io/go-choria/aagent/watchers/filewatcher/file.go:306.2,307.16 2 1
github.com/choria-io/go-choria/aagent/watchers/filewatcher/file.go:307.16,309.3 1 0
github.com/choria-io/go-choria/aagent/watchers/filewatcher/file.go:311.2,312.16 2 1
github.com/choria-io/go-choria/aagent/watchers/filewatcher/file.go:312.16,314.3 1 1
github.com/choria-io/go-choria/aagent/watchers/filewatcher/file.go:316.2,316.35 1 1
github.com/choria-io/go-choria/aagent/watchers/filewatcher/file.go:316.35,318.3 1 0
github.com/choria-io/go-choria/aagent/watchers/filewatcher/file.go:320.2,320.42 1 1
github.com/choria-io/go-choria/aagent/watchers/filewatcher/file.go:320.42,322.3 1 1
github.com/choria-io/go-choria/aagent/watchers/filewatcher/file.go:324.2,325.16 2 1
github.com/choria-io/go-choria/aagent/watchers/filewatcher/file.go:325.16,327.3 1 0
github.com/choria-io/go-choria/aagent/watchers/filewatcher/file.go:329.2,330.16 2 1
github.com/choria-io/go-choria/aagent/watchers/filewatcher/file.go:330.16,332.3 1 0
github.com/choria-io/go-choria/aagent/watchers/filewatcher/file.go:334.2,334.20 1 1
github.com/choria-io/go-choria/aagent/watchers/filewatcher/file.go:334.20,336.3 1 1
github.com/choria-io/go-choria/aagent/watchers/filewatcher/file.go:338.2,338.23 1 1
github.com/choria-io/go-choria/aagent/watchers/filewatcher/file.go:341.52,342.30 1 1
github.com/choria-io/go-choria/aagent/watchers/filewatcher/file.go:342.30,344.3 1 0
github.com/choria-io/go-choria/aagent/watchers/filewatcher/file.go:346.2,346.33 1 1
github.com/choria-io/go-choria/aagent/watchers/filewatcher/file.go:346.33,348.3 1 0
github.com/choria-io/go-choria/aagent/watchers/filewatcher/file.go:350.2,350.29 1 1
github.com/choria-io/go-choria/aagent/watchers/filewatcher/file.go:353.36,354.29 1 1
github.com/choria-io/go-choria/aagent/watchers/filewatcher/file.go:354.29,356.3 1 1
github.com/choria-io/go-choria/aagent/watchers/filewatcher/file.go:358.2,358.33 1 1
github.com/choria-io/go-choria/aagent/watchers/filewatcher/file.go:358.33,359.31 1 1
github.com/choria-io/go-choria/aagent/watchers/filewatcher/file.go:359.31,361.4 1 1
github.com/choria-io/go-choria/aagent/watchers/filewatcher/file.go:362.3,362.31 1 1
github.com/choria-io/go-choria/aagent/watchers/filewatcher/file.go:362.31,364.4 1 1
github.com/choria-io/go-choria/aagent/watchers/filewatcher/file.go:365.3,365.30 1 1
github.com/choria-io/go-choria/aagent/watchers/filewatcher/file.go:365.30,367.4 1 1
github.com/choria-io/go-choria/aagent/watchers/filewatcher/file.go:369.3,370.17 2 1
github.com/choria-io/go-choria/aagent/watchers/filewatcher/file.go:370.17,372.4 1 1
github.com/choria-io/go-choria/aagent/watchers/filewatcher/file.go:375.2,375.12 1 1
github.com/choria-io/go-choria/aagent/watchers/filewatcher/file.go:378.61,379.25 1 1
github.com/choria-io/go-choria/aagent/watchers/filewatcher/file.go:379.25,381.3 1 0
github.com/choria-io/go-choria/aagent/watchers/filewatcher/file.go:383.2,384.16 2 1
github.com/choria-io/go-choria/aagent/watchers/filewatcher/file.go:384.16,386.3 1 0
github.com/choria-io/go-choria/aagent/watchers/filewatcher/file.go:388.2,388.21 1 1
github.com/choria-io/go-choria/aagent/watchers/filewatcher/plugin.go:11.43,12.60 1 0
github.com/choria-io/go-choria/aagent/watchers/filewatcher/plugin.go:12.60,12.91 1 0
github.com/choria-io/go-choria/aagent/watchers/filewatcher/state_notification.go:26.52,28.2 1 1
github.com/choria-io/go-choria/aagent/watchers/filewatcher/state_notification.go:31.60,33.2 1 1
github.com/choria-io/go-choria/aagent/watchers/filewatcher/state_notification.go:36.45,38.2 1 0
github.com/choria-io/go-choria/aagent/watchers/gossipwatcher/gossip.go:76.215,87.16 4 1
github.com/choria-io/go-choria/aagent/watchers/gossipwatcher/gossip.go:87.16,89.3 1 0
github.com/choria-io/go-choria/aagent/watchers/gossipwatcher/gossip.go:91.2,92.16 2 1
github.com/choria-io/go-choria/aagent/watchers/gossipwatcher/gossip.go:92.16,94.3 1 0
github.com/choria-io/go-choria/aagent/watchers/gossipwatcher/gossip.go:96.2,97.16 2 1
github.com/choria-io/go-choria/aagent/watchers/gossipwatcher/gossip.go:97.16,99.3 1 0
github.com/choria-io/go-choria/aagent/watchers/gossipwatcher/gossip.go:101.2,101.16 1 1
github.com/choria-io/go-choria/aagent/watchers/gossipwatcher/gossip.go:104.49,108.17 3 0
github.com/choria-io/go-choria/aagent/watchers/gossipwatcher/gossip.go:108.17,110.3 1 0
github.com/choria-io/go-choria/aagent/watchers/gossipwatcher/gossip.go:112.2,113.16 2 0
github.com/choria-io/go-choria/aagent/watchers/gossipwatcher/gossip.go:113.16,115.3 1 0
github.com/choria-io/go-choria/aagent/watchers/gossipwatcher/gossip.go:117.2,119.18 2 0
github.com/choria-io/go-choria/aagent/watchers/gossipwatcher/gossip.go:122.32,128.19 5 0
github.com/choria-io/go-choria/aagent/watchers/gossipwatcher/gossip.go:128.19,131.3 2 0
github.com/choria-io/go-choria/aagent/watchers/gossipwatcher/gossip.go:134.33,140.19 5 0
github.com/choria-io/go-choria/aagent/watchers/gossipwatcher/gossip.go:140.19,142.3 1 0
github.com/choria-io/go-choria/aagent/watchers/gossipwatcher/gossip.go:144.2,144.12 1 0
github.com/choria-io/go-choria/aagent/watchers/gossipwatcher/gossip.go:144.12,155.17 8 0
github.com/choria-io/go-choria/aagent/watchers/gossipwatcher/gossip.go:155.17,157.4 1 0
github.com/choria-io/go-choria/aagent/watchers/gossipwatcher/gossip.go:159.3,159.18 1 0
github.com/choria-io/go-choria/aagent/watchers/gossipwatcher/gossip.go:159.18,165.4 5 0
github.com/choria-io/go-choria/aagent/watchers/gossipwatcher/gossip.go:167.3,167.21 1 0
github.com/choria-io/go-choria/aagent/watchers/gossipwatcher/gossip.go:167.21,168.24 1 0
github.com/choria-io/go-choria/aagent/watchers/gossipwatcher/gossip.go:168.24,170.5 1 0
github.com/choria-io/go-choria/aagent/watchers/gossipwatcher/gossip.go:172.4,174.18 3 0
github.com/choria-io/go-choria/aagent/watchers/gossipwatcher/gossip.go:174.18,177.5 2 0
github.com/choria-io/go-choria/aagent/watchers/gossipwatcher/gossip.go:179.4,180.18 2 0
github.com/choria-io/go-choria/aagent/watchers/gossipwatcher/gossip.go:180.18,183.5 2 0
github.com/choria-io/go-choria/aagent/watchers/gossipwatcher/gossip.go:185.4,186.18 2 0
github.com/choria-io/go-choria/aagent/watchers/gossipwatcher/gossip.go:186.18,189.5 2 0
github.com/choria-io/go-choria/aagent/watchers/gossipwatcher/gossip.go:191.4,198.17 7 0
github.com/choria-io/go-choria/aagent/watchers/gossipwatcher/gossip.go:201.3,203.7 2 0
github.com/choria-io/go-choria/aagent/watchers/gossipwatcher/gossip.go:203.7,204.11 1 0
github.com/choria-io/go-choria/aagent/watchers/gossipwatcher/gossip.go:205.18,206.14 1 0
github.com/choria-io/go-choria/aagent/watchers/gossipwatcher/gossip.go:207.23,209.11 2 0
github.com/choria-io/go-choria/aagent/watchers/gossipwatcher/gossip.go:210.23,212.11 2 0
github.com/choria-io/go-choria/aagent/watchers/gossipwatcher/gossip.go:218.27,219.22 1 0
github.com/choria-io/go-choria/aagent/watchers/gossipwatcher/gossip.go:219.22,222.3 2 0
github.com/choria-io/go-choria/aagent/watchers/gossipwatcher/gossip.go:224.2,225.17 2 0
github.com/choria-io/go-choria/aagent/watchers/gossipwatcher/gossip.go:228.64,239.6 7 0
github.com/choria-io/go-choria/aagent/watchers/gossipwatcher/gossip.go:239.6,240.10 1 0
github.com/choria-io/go-choria/aagent/watchers/gossipwatcher/gossip.go:241.27,242.13 1 0
github.com/choria-io/go-choria/aagent/watchers/gossipwatcher/gossip.go:244.22,246.10 2 0
github.com/choria-io/go-choria/aagent/watchers/gossipwatcher/gossip.go:247.21,249.10 2 0
github.com/choria-io/go-choria/aagent/watchers/gossipwatcher/gossip.go:254.61,255.25 1 1
github.com/choria-io/go-choria/aagent/watchers/gossipwatcher/gossip.go:255.25,257.3 1 1
github.com/choria-io/go-choria/aagent/watchers/gossipwatcher/gossip.go:259.2,260.16 2 1
github.com/choria-io/go-choria/aagent/watchers/gossipwatcher/gossip.go:260.16,262.3 1 0
github.com/choria-io/go-choria/aagent/watchers/gossipwatcher/gossip.go:264.2,264.21 1 1
github.com/choria-io/go-choria/aagent/watchers/gossipwatcher/gossip.go:267.36,268.9 1 1
github.com/choria-io/go-choria/aagent/watchers/gossipwatcher/gossip.go:269.40,270.33 1 1
github.com/choria-io/go-choria/aagent/watchers/gossipwatcher/gossip.go:270.33,272.4 1 1
github.com/choria-io/go-choria/aagent/watchers/gossipwatcher/gossip.go:273.3,273.33 1 1
github.com/choria-io/go-choria/aagent/watchers/gossipwatcher/gossip.go:273.33,275.4 1 1
github.com/choria-io/go-choria/aagent/watchers/gossipwatcher/gossip.go:276.10,277.33 1 1
github.com/choria-io/go-choria/aagent/watchers/gossipwatcher/gossip.go:277.33,279.4 1 0
github.com/choria-io/go-choria/aagent/watchers/gossipwatcher/gossip.go:280.3,280.33 1 1
github.com/choria-io/go-choria/aagent/watchers/gossipwatcher/gossip.go:280.33,282.4 1 0
github.com/choria-io/go-choria/aagent/watchers/gossipwatcher/gossip.go:283.3,284.24 2 1
github.com/choria-io/go-choria/aagent/watchers/gossipwatcher/gossip.go:284.24,286.4 1 0
github.com/choria-io/go-choria/aagent/watchers/gossipwatcher/gossip.go:287.3,287.50 1 1
github.com/choria-io/go-choria/aagent/watchers/gossipwatcher/gossip.go:287.50,289.4 1 0
github.com/choria-io/go-choria/aagent/watchers/gossipwatcher/gossip.go:290.3,290.24 1 1
github.com/choria-io/go-choria/aagent/watchers/gossipwatcher/gossip.go:290.24,292.4 1 0
github.com/choria-io/go-choria/aagent/watchers/gossipwatcher/gossip.go:293.3,293.50 1 1
github.com/choria-io/go-choria/aagent/watchers/gossipwatcher/gossip.go:293.50,295.4 1 0
github.com/choria-io/go-choria/aagent/watchers/gossipwatcher/gossip.go:296.3,296.25 1 1
github.com/choria-io/go-choria/aagent/watchers/gossipwatcher/gossip.go:296.25,298.4 1 0
github.com/choria-io/go-choria/aagent/watchers/gossipwatcher/gossip.go:299.3,299.51 1 1
github.com/choria-io/go-choria/aagent/watchers/gossipwatcher/gossip.go:299.51,301.4 1 0
github.com/choria-io/go-choria/aagent/watchers/gossipwatcher/gossip.go:302.3,302.19 1 1
github.com/choria-io/go-choria/aagent/watchers/gossipwatcher/gossip.go:302.19,304.4 1 0
github.com/choria-io/go-choria/aagent/watchers/gossipwatcher/gossip.go:305.3,305.33 1 1
github.com/choria-io/go-choria/aagent/watchers/gossipwatcher/gossip.go:305.33,307.4 1 0
github.com/choria-io/go-choria/aagent/watchers/gossipwatcher/gossip.go:308.3,308.20 1 1
github.com/choria-io/go-choria/aagent/watchers/gossipwatcher/gossip.go:308.20,310.4 1 0
github.com/choria-io/go-choria/aagent/watchers/gossipwatcher/gossip.go:312.3,313.23 2 1
github.com/choria-io/go-choria/aagent/watchers/gossipwatcher/gossip.go:313.23,315.4 1 1
github.com/choria-io/go-choria/aagent/watchers/gossipwatcher/gossip.go:315.9,317.4 1 0
github.com/choria-io/go-choria/aagent/watchers/gossipwatcher/gossip.go:319.3,319.103 1 1
github.com/choria-io/go-choria/aagent/watchers/gossipwatcher/gossip.go:319.103,321.4 1 0
github.com/choria-io/go-choria/aagent/watchers/gossipwatcher/gossip.go:323.3,324.17 2 1
github.com/choria-io/go-choria/aagent/watchers/gossipwatcher/gossip.go:324.17,326.4 1 0
github.com/choria-io/go-choria/aagent/watchers/gossipwatcher/gossip.go:327.3,327.36 1 1
github.com/choria-io/go-choria/aagent/watchers/gossipwatcher/gossip.go:330.2,330.21 1 1
github.com/choria-io/go-choria/aagent/watchers/gossipwatcher/gossip.go:330.21,332.3 1 0
github.com/choria-io/go-choria/aagent/watchers/gossipwatcher/gossip.go:334.2,334.12 1 1
github.com/choria-io/go-choria/aagent/watchers/gossipwatcher/gossip.go:337.28,339.2 1 0
github.com/choria-io/go-choria/aagent/watchers/gossipwatcher/gossip.go:341.38,353.2 4 1
github.com/choria-io/go-choria/aagent/watchers/gossipwatcher/plugin.go:11.43,12.60 1 0
github.com/choria-io/go-choria/aagent/watchers/gossipwatcher/plugin.go:12.60,12.91 1 0
github.com/choria-io/go-choria/aagent/watchers/gossipwatcher/state_notification.go:27.60,29.2 1 1
github.com/choria-io/go-choria/aagent/watchers/gossipwatcher/state_notification.go:32.52,34.2 1 1
github.com/choria-io/go-choria/aagent/watchers/gossipwatcher/state_notification.go:37.45,39.2 1 0
github.com/choria-io/go-choria/aagent/watchers/homekitwatcher/homekit.go:79.212,98.16 4 1
github.com/choria-io/go-choria/aagent/watchers/homekitwatcher/homekit.go:98.16,100.3 1 0
github.com/choria-io/go-choria/aagent/watchers/homekitwatcher/homekit.go:102.2,103.16 2 1
github.com/choria-io/go-choria/aagent/watchers/homekitwatcher/homekit.go:103.16,105.3 1 0
github.com/choria-io/go-choria/aagent/watchers/homekitwatcher/homekit.go:107.2,107.17 1 1
github.com/choria-io/go-choria/aagent/watchers/homekitwatcher/homekit.go:110.28,114.18 3 0
github.com/choria-io/go-choria/aagent/watchers/homekitwatcher/homekit.go:114.18,116.3 1 0
github.com/choria-io/go-choria/aagent/watchers/homekitwatcher/homekit.go:119.64,122.21 2 0
github.com/choria-io/go-choria/aagent/watchers/homekitwatcher/homekit.go:122.21,126.36 3 0
github.com/choria-io/go-choria/aagent/watchers/homekitwatcher/homekit.go:127.11,128.23 1 0
github.com/choria-io/go-choria/aagent/watchers/homekitwatcher/homekit.go:129.12,130.24 1 0
github.com/choria-io/go-choria/aagent/watchers/homekitwatcher/homekit.go:131.11,132.42 1 0
github.com/choria-io/go-choria/aagent/watchers/homekitwatcher/homekit.go:136.2,136.6 1 0
github.com/choria-io/go-choria/aagent/watchers/homekitwatcher/homekit.go:136.6,137.10 1 0
github.com/choria-io/go-choria/aagent/watchers/homekitwatcher/homekit.go:139.29,141.18 2 0
github.com/choria-io/go-choria/aagent/watchers/homekitwatcher/homekit.go:141.18,143.5 1 0
github.com/choria-io/go-choria/aagent/watchers/homekitwatcher/homekit.go:146.35,149.11 2 0
github.com/choria-io/go-choria/aagent/watchers/homekitwatcher/homekit.go:150.30,152.36 2 0
github.com/choria-io/go-choria/aagent/watchers/homekitwatcher/homekit.go:154.31,156.37 2 0
github.com/choria-io/go-choria/aagent/watchers/homekitwatcher/homekit.go:158.36,159.22 1 0
github.com/choria-io/go-choria/aagent/watchers/homekitwatcher/homekit.go:162.21,165.10 3 0
github.com/choria-io/go-choria/aagent/watchers/homekitwatcher/homekit.go:170.35,174.16 3 0
github.com/choria-io/go-choria/aagent/watchers/homekitwatcher/homekit.go:174.16,176.3 1 0
github.com/choria-io/go-choria/aagent/watchers/homekitwatcher/homekit.go:178.2,182.19 4 0
github.com/choria-io/go-choria/aagent/watchers/homekitwatcher/homekit.go:185.35,189.15 3 0
github.com/choria-io/go-choria/aagent/watchers/homekitwatcher/homekit.go:189.15,191.3 1 0
github.com/choria-io/go-choria/aagent/watchers/homekitwatcher/homekit.go:193.2,198.16 3 0
github.com/choria-io/go-choria/aagent/watchers/homekitwatcher/homekit.go:198.16,201.3 2 0
github.com/choria-io/go-choria/aagent/watchers/homekitwatcher/homekit.go:203.2,205.18 2 0
github.com/choria-io/go-choria/aagent/watchers/homekitwatcher/homekit.go:208.46,209.47 1 0
github.com/choria-io/go-choria/aagent/watchers/homekitwatcher/homekit.go:209.47,210.17 1 0
github.com/choria-io/go-choria/aagent/watchers/homekitwatcher/homekit.go:210.17,212.4 1 0
github.com/choria-io/go-choria/aagent/watchers/homekitwatcher/homekit.go:215.2,215.14 1 0
github.com/choria-io/go-choria/aagent/watchers/homekitwatcher/homekit.go:218.45,219.46 1 0
github.com/choria-io/go-choria/aagent/watchers/homekitwatcher/homekit.go:219.46,220.17 1 0
github.com/choria-io/go-choria/aagent/watchers/homekitwatcher/homekit.go:220.17,222.4 1 0
github.com/choria-io/go-choria/aagent/watchers/homekitwatcher/homekit.go:225.2,225.14 1 0
github.com/choria-io/go-choria/aagent/watchers/homekitwatcher/homekit.go:228.51,229.51 1 0
github.com/choria-io/go-choria/aagent/watchers/homekitwatcher/homekit.go:229.51,230.17 1 0
github.com/choria-io/go-choria/aagent/watchers/homekitwatcher/homekit.go:230.17,232.4 1 0
github.com/choria-io/go-choria/aagent/watchers/homekitwatcher/homekit.go:235.2,235.14 1 0
github.com/choria-io/go-choria/aagent/watchers/homekitwatcher/homekit.go:238.52,239.22 1 0
github.com/choria-io/go-choria/aagent/watchers/homekitwatcher/homekit.go:239.22,241.3 1 0
github.com/choria-io/go-choria/aagent/watchers/homekitwatcher/homekit.go:243.2,243.11 1 0
github.com/choria-io/go-choria/aagent/watchers/homekitwatcher/homekit.go:244.10,247.31 3 0
github.com/choria-io/go-choria/aagent/watchers/homekitwatcher/homekit.go:249.22,253.13 4 0
github.com/choria-io/go-choria/aagent/watchers/homekitwatcher/homekit.go:255.11,258.31 3 0
github.com/choria-io/go-choria/aagent/watchers/homekitwatcher/homekit.go:260.23,264.13 4 0
github.com/choria-io/go-choria/aagent/watchers/homekitwatcher/homekit.go:267.2,267.68 1 0
github.com/choria-io/go-choria/aagent/watchers/homekitwatcher/homekit.go:270.38,281.2 4 1
github.com/choria-io/go-choria/aagent/watchers/homekitwatcher/homekit.go:283.45,288.2 3 0
github.com/choria-io/go-choria/aagent/watchers/homekitwatcher/homekit.go:290.50,301.16 4 0
github.com/choria-io/go-choria/aagent/watchers/homekitwatcher/homekit.go:301.16,303.3 1 0
github.com/choria-io/go-choria/aagent/watchers/homekitwatcher/homekit.go:305.2,305.26 1 0
github.com/choria-io/go-choria/aagent/watchers/homekitwatcher/homekit.go:305.26,307.3 1 0
github.com/choria-io/go-choria/aagent/watchers/homekitwatcher/homekit.go:309.2,309.52 1 0
github.com/choria-io/go-choria/aagent/watchers/homekitwatcher/homekit.go:309.52,315.23 4 0
github.com/choria-io/go-choria/aagent/watchers/homekitwatcher/homekit.go:315.23,320.4 3 0
github.com/choria-io/go-choria/aagent/watchers/homekitwatcher/homekit.go:322.3,322.10 1 0
github.com/choria-io/go-choria/aagent/watchers/homekitwatcher/homekit.go:322.10,325.4 2 0
github.com/choria-io/go-choria/aagent/watchers/homekitwatcher/homekit.go:325.9,328.4 2 0
github.com/choria-io/go-choria/aagent/watchers/homekitwatcher/homekit.go:331.2,335.12 3 0
github.com/choria-io/go-choria/aagent/watchers/homekitwatcher/homekit.go:338.36,339.61 1 1
github.com/choria-io/go-choria/aagent/watchers/homekitwatcher/homekit.go:339.61,341.3 1 1
github.com/choria-io/go-choria/aagent/watchers/homekitwatcher/homekit.go:343.2,343.69 1 1
github.com/choria-io/go-choria/aagent/watchers/homekitwatcher/homekit.go:343.69,345.3 1 1
github.com/choria-io/go-choria/aagent/watchers/homekitwatcher/homekit.go:347.2,347.29 1 1
github.com/choria-io/go-choria/aagent/watchers/homekitwatcher/homekit.go:347.29,349.3 1 0
github.com/choria-io/go-choria/aagent/watchers/homekitwatcher/homekit.go:351.2,351.12 1 1
github.com/choria-io/go-choria/aagent/watchers/homekitwatcher/homekit.go:354.61,355.25 1 1
github.com/choria-io/go-choria/aagent/watchers/homekitwatcher/homekit.go:355.25,361.3 1 0
github.com/choria-io/go-choria/aagent/watchers/homekitwatcher/homekit.go:363.2,364.16 2 1
github.com/choria-io/go-choria/aagent/watchers/homekitwatcher/homekit.go:364.16,366.3 1 0
github.com/choria-io/go-choria/aagent/watchers/homekitwatcher/homekit.go:368.2,369.9 2 1
github.com/choria-io/go-choria/aagent/watchers/homekitwatcher/homekit.go:370.12,371.38 1 1
github.com/choria-io/go-choria/aagent/watchers/homekitwatcher/homekit.go:372.28,373.33 1 1
github.com/choria-io/go-choria/aagent/watchers/homekitwatcher/homekit.go:374.10,375.34 1 1
github.com/choria-io/go-choria/aagent/watchers/homekitwatcher/homekit.go:379.2,379.21 1 1
github.com/choria-io/go-choria/aagent/watchers/homekitwatcher/plugin.go:11.43,12.60 1 0
github.com/choria-io/go-choria/aagent/watchers/homekitwatcher/plugin.go:12.60,12.91 1 0
github.com/choria-io/go-choria/aagent/watchers/homekitwatcher/state_notification.go:26.52,28.2 1 1
github.com/choria-io/go-choria/aagent/watchers/homekitwatcher/state_notification.go:31.60,33.2 1 1
github.com/choria-io/go-choria/aagent/watchers/homekitwatcher/state_notification.go:36.45,38.2 1 0
github.com/choria-io/go-choria/aagent/watchers/kvwatcher/kv.go:74.215,85.16 4 1
github.com/choria-io/go-choria/aagent/watchers/kvwatcher/kv.go:85.16,87.3 1 0
github.com/choria-io/go-choria/aagent/watchers/kvwatcher/kv.go:89.2,90.16 2 1
github.com/choria-io/go-choria/aagent/watchers/kvwatcher/kv.go:90.16,92.3 1 0
github.com/choria-io/go-choria/aagent/watchers/kvwatcher/kv.go:94.2,95.16 2 1
github.com/choria-io/go-choria/aagent/watchers/kvwatcher/kv.go:95.16,97.3 1 0
github.com/choria-io/go-choria/aagent/watchers/kvwatcher/kv.go:99.2,99.16 1 1
github.com/choria-io/go-choria/aagent/watchers/kvwatcher/kv.go:102.61,103.25 1 1
github.com/choria-io/go-choria/aagent/watchers/kvwatcher/kv.go:103.25,107.3 1 1
github.com/choria-io/go-choria/aagent/watchers/kvwatcher/kv.go:109.2,110.16 2 1
github.com/choria-io/go-choria/aagent/watchers/kvwatcher/kv.go:110.16,112.3 1 0
github.com/choria-io/go-choria/aagent/watchers/kvwatcher/kv.go:114.2,114.21 1 1
github.com/choria-io/go-choria/aagent/watchers/kvwatcher/kv.go:117.36,118.31 1 1
github.com/choria-io/go-choria/aagent/watchers/kvwatcher/kv.go:118.31,120.3 1 0
github.com/choria-io/go-choria/aagent/watchers/kvwatcher/kv.go:122.2,122.29 1 1
github.com/choria-io/go-choria/aagent/watchers/kvwatcher/kv.go:122.29,124.3 1 0
github.com/choria-io/go-choria/aagent/watchers/kvwatcher/kv.go:126.2,126.69 1 1
github.com/choria-io/go-choria/aagent/watchers/kvwatcher/kv.go:126.69,128.3 1 0
github.com/choria-io/go-choria/aagent/watchers/kvwatcher/kv.go:130.2,130.61 1 1
github.com/choria-io/go-choria/aagent/watchers/kvwatcher/kv.go:130.61,132.3 1 0
github.com/choria-io/go-choria/aagent/watchers/kvwatcher/kv.go:134.2,134.36 1 1
github.com/choria-io/go-choria/aagent/watchers/kvwatcher/kv.go:134.36,136.3 1 0
github.com/choria-io/go-choria/aagent/watchers/kvwatcher/kv.go:138.2,138.12 1 1
github.com/choria-io/go-choria/aagent/watchers/kvwatcher/kv.go:141.28,143.2 1 0
github.com/choria-io/go-choria/aagent/watchers/kvwatcher/kv.go:145.33,149.2 3 1
github.com/choria-io/go-choria/aagent/watchers/kvwatcher/kv.go:151.37,157.16 5 0
github.com/choria-io/go-choria/aagent/watchers/kvwatcher/kv.go:157.16,159.3 1 0
github.com/choria-io/go-choria/aagent/watchers/kvwatcher/kv.go:161.2,162.16 2 0
github.com/choria-io/go-choria/aagent/watchers/kvwatcher/kv.go:162.16,164.3 1 0
github.com/choria-io/go-choria/aagent/watchers/kvwatcher/kv.go:166.2,166.12 1 0
github.com/choria-io/go-choria/aagent/watchers/kvwatcher/kv.go:169.41,170.22 1 1
github.com/choria-io/go-choria/aagent/watchers/kvwatcher/kv.go:170.22,172.3 1 0
github.com/choria-io/go-choria/aagent/watchers/kvwatcher/kv.go:174.2,175.15 2 1
github.com/choria-io/go-choria/aagent/watchers/kvwatcher/kv.go:175.15,178.3 2 0
github.com/choria-io/go-choria/aagent/watchers/kvwatcher/kv.go:179.2,187.18 5 1
github.com/choria-io/go-choria/aagent/watchers/kvwatcher/kv.go:187.18,189.17 2 0
[...]
github.com/choria-io/go-choria/submission/disk_spool.go:182.17,185.12 3 0
github.com/choria-io/go-choria/submission/disk_spool.go:188.3,188.32 1 1
github.com/choria-io/go-choria/submission/disk_spool.go:188.32,191.12 3 0
github.com/choria-io/go-choria/submission/disk_spool.go:194.3,194.54 1 1
github.com/choria-io/go-choria/submission/disk_spool.go:194.54,196.12 2 1
github.com/choria-io/go-choria/submission/disk_spool.go:199.3,200.27 2 1
github.com/choria-io/go-choria/submission/disk_spool.go:204.2,206.20 2 1
github.com/choria-io/go-choria/submission/disk_spool.go:206.20,208.3 1 1
github.com/choria-io/go-choria/submission/disk_spool.go:210.2,210.22 1 1
github.com/choria-io/go-choria/submission/disk_spool.go:213.69,215.16 2 1
github.com/choria-io/go-choria/submission/disk_spool.go:215.16,217.3 1 0
github.com/choria-io/go-choria/submission/disk_spool.go:219.2,221.16 3 1
github.com/choria-io/go-choria/submission/disk_spool.go:221.16,223.3 1 0
github.com/choria-io/go-choria/submission/disk_spool.go:224.2,227.18 3 1
github.com/choria-io/go-choria/submission/disk_spool.go:230.72,232.16 2 1
github.com/choria-io/go-choria/submission/disk_spool.go:232.16,234.3 1 0
github.com/choria-io/go-choria/submission/disk_spool.go:236.2,236.40 1 1
github.com/choria-io/go-choria/submission/disk_spool.go:236.40,238.3 1 1
github.com/choria-io/go-choria/submission/disk_spool.go:240.2,241.26 2 1
github.com/choria-io/go-choria/submission/disk_spool.go:241.26,242.42 1 1
github.com/choria-io/go-choria/submission/disk_spool.go:242.42,244.18 2 1
github.com/choria-io/go-choria/submission/disk_spool.go:244.18,246.5 1 1
github.com/choria-io/go-choria/submission/disk_spool.go:250.2,250.21 1 1
github.com/choria-io/go-choria/submission/disk_spool.go:253.58,255.16 2 1
github.com/choria-io/go-choria/submission/disk_spool.go:255.16,257.3 1 0
github.com/choria-io/go-choria/submission/disk_spool.go:259.2,259.21 1 1
github.com/choria-io/go-choria/submission/disk_spool.go:262.142,279.6 10 1
github.com/choria-io/go-choria/submission/disk_spool.go:279.6,280.10 1 1
github.com/choria-io/go-choria/submission/disk_spool.go:281.21,285.18 4 1
github.com/choria-io/go-choria/submission/disk_spool.go:285.18,287.5 1 0
github.com/choria-io/go-choria/submission/disk_spool.go:289.21,292.10 3 1
github.com/choria-io/go-choria/submission/disk_spool.go:296.115,302.15 4 1
github.com/choria-io/go-choria/submission/disk_spool.go:302.15,304.3 1 0
github.com/choria-io/go-choria/submission/disk_spool.go:306.2,312.31 4 1
github.com/choria-io/go-choria/submission/disk_spool.go:312.31,316.3 3 1
github.com/choria-io/go-choria/submission/disk_spool.go:318.2,318.12 1 1
github.com/choria-io/go-choria/submission/disk_spool.go:321.59,323.2 1 1
github.com/choria-io/go-choria/submission/disk_spool.go:325.53,327.16 2 1
github.com/choria-io/go-choria/submission/disk_spool.go:327.16,329.3 1 1
github.com/choria-io/go-choria/submission/disk_spool.go:331.2,332.22 2 1
github.com/choria-io/go-choria/submission/disk_spool.go:332.22,334.3 1 1
github.com/choria-io/go-choria/submission/disk_spool.go:336.2,337.16 2 1
github.com/choria-io/go-choria/submission/disk_spool.go:337.16,339.3 1 0
github.com/choria-io/go-choria/submission/disk_spool.go:341.2,342.16 2 1
github.com/choria-io/go-choria/submission/disk_spool.go:342.16,344.3 1 0
github.com/choria-io/go-choria/submission/disk_spool.go:345.2,349.16 4 1
github.com/choria-io/go-choria/submission/disk_spool.go:349.16,351.3 1 0
github.com/choria-io/go-choria/submission/disk_spool.go:353.2,355.16 3 1
github.com/choria-io/go-choria/submission/disk_spool.go:355.16,357.3 1 0
github.com/choria-io/go-choria/submission/disk_spool.go:359.2,361.12 2 1
github.com/choria-io/go-choria/submission/disk_spool.go:364.46,365.25 1 1
github.com/choria-io/go-choria/submission/disk_spool.go:365.25,367.17 2 1
github.com/choria-io/go-choria/submission/disk_spool.go:367.17,369.4 1 0
github.com/choria-io/go-choria/submission/disk_spool.go:372.2,372.12 1 1
github.com/choria-io/go-choria/submission/msg.go:40.41,48.2 1 1
github.com/choria-io/go-choria/submission/msg.go:73.36,74.21 1 1
github.com/choria-io/go-choria/submission/msg.go:74.21,76.3 1 1
github.com/choria-io/go-choria/submission/msg.go:78.2,78.25 1 1
github.com/choria-io/go-choria/submission/msg.go:78.25,80.3 1 0
github.com/choria-io/go-choria/submission/msg.go:82.2,82.20 1 1
github.com/choria-io/go-choria/submission/msg.go:82.20,84.3 1 0
github.com/choria-io/go-choria/submission/msg.go:86.2,86.24 1 1
github.com/choria-io/go-choria/submission/msg.go:86.24,88.3 1 0
github.com/choria-io/go-choria/submission/msg.go:90.2,90.16 1 1
github.com/choria-io/go-choria/submission/msg.go:90.16,92.3 1 0
github.com/choria-io/go-choria/submission/msg.go:94.2,94.30 1 1
github.com/choria-io/go-choria/submission/msg.go:94.30,96.3 1 0
github.com/choria-io/go-choria/submission/msg.go:98.2,98.20 1 1
github.com/choria-io/go-choria/submission/msg.go:98.20,100.3 1 0
github.com/choria-io/go-choria/submission/msg.go:102.2,102.66 1 1
github.com/choria-io/go-choria/submission/msg.go:102.66,104.3 1 0
github.com/choria-io/go-choria/submission/msg.go:106.2,106.27 1 1
github.com/choria-io/go-choria/submission/msg.go:106.27,108.85 2 1
github.com/choria-io/go-choria/submission/msg.go:108.85,110.4 1 1
github.com/choria-io/go-choria/submission/msg.go:113.2,113.12 1 1
github.com/choria-io/go-choria/submission/msg.go:116.92,118.16 2 1
github.com/choria-io/go-choria/submission/msg.go:118.16,120.3 1 0
github.com/choria-io/go-choria/submission/msg.go:122.2,122.27 1 1
github.com/choria-io/go-choria/submission/msg.go:122.27,124.3 1 1
github.com/choria-io/go-choria/submission/msg.go:126.2,128.30 2 1
github.com/choria-io/go-choria/submission/msg.go:128.30,130.3 1 1
github.com/choria-io/go-choria/submission/msg.go:132.2,137.16 5 1
github.com/choria-io/go-choria/submission/msg.go:137.16,139.3 1 0
github.com/choria-io/go-choria/submission/msg.go:141.2,141.17 1 1
github.com/choria-io/go-choria/submission/msg.go:141.17,143.3 1 1
github.com/choria-io/go-choria/submission/msg.go:145.2,145.22 1 1
github.com/choria-io/go-choria/submission/msg.go:145.22,147.3 1 0
github.com/choria-io/go-choria/submission/msg.go:149.2,151.12 2 1
github.com/choria-io/go-choria/submission/msg.go:151.12,152.17 1 0
github.com/choria-io/go-choria/submission/msg.go:152.17,154.4 1 0
github.com/choria-io/go-choria/submission/msg.go:156.3,156.28 1 0
github.com/choria-io/go-choria/submission/msg.go:156.28,158.4 1 0
github.com/choria-io/go-choria/submission/msg.go:160.3,161.17 2 0
github.com/choria-io/go-choria/submission/msg.go:161.17,163.4 1 0
github.com/choria-io/go-choria/submission/msg.go:165.3,165.43 1 0
github.com/choria-io/go-choria/submission/msg.go:165.43,167.18 2 0
github.com/choria-io/go-choria/submission/msg.go:167.18,169.5 1 0
github.com/choria-io/go-choria/submission/msg.go:170.4,170.45 1 0
github.com/choria-io/go-choria/submission/msg.go:172.3,172.62 1 0
github.com/choria-io/go-choria/submission/msg.go:175.2,175.17 1 1
github.com/choria-io/go-choria/submission/options.go:17.42,18.28 1 1
github.com/choria-io/go-choria/submission/options.go:18.28,20.3 1 1
github.com/choria-io/go-choria/submission/options.go:24.42,25.28 1 1
github.com/choria-io/go-choria/submission/options.go:25.28,27.3 1 1
github.com/choria-io/go-choria/submission/options.go:31.39,32.28 1 1
github.com/choria-io/go-choria/submission/options.go:32.28,34.3 1 1
github.com/choria-io/go-choria/submission/options.go:38.41,39.28 1 1
github.com/choria-io/go-choria/submission/options.go:39.28,41.3 1 1
github.com/choria-io/go-choria/submission/spool.go:55.114,56.22 1 1
github.com/choria-io/go-choria/submission/spool.go:56.22,58.3 1 0
github.com/choria-io/go-choria/submission/spool.go:60.2,60.20 1 1
github.com/choria-io/go-choria/submission/spool.go:60.20,62.3 1 0
github.com/choria-io/go-choria/submission/spool.go:64.2,65.27 2 1
github.com/choria-io/go-choria/submission/spool.go:65.27,67.3 1 1
github.com/choria-io/go-choria/submission/spool.go:69.2,75.15 2 1
github.com/choria-io/go-choria/submission/spool.go:76.17,78.17 2 1
github.com/choria-io/go-choria/submission/spool.go:78.17,80.4 1 0
github.com/choria-io/go-choria/submission/spool.go:82.3,82.19 1 1
github.com/choria-io/go-choria/submission/spool.go:84.10,85.57 1 0
github.com/choria-io/go-choria/submission/spool.go:88.2,88.19 1 1
github.com/choria-io/go-choria/submission/spool.go:91.73,102.2 4 1
github.com/choria-io/go-choria/submission/spool.go:104.44,106.2 1 0
github.com/choria-io/go-choria/submission/spool.go:108.39,110.2 1 0
github.com/choria-io/go-choria/submission/spool.go:112.112,117.16 4 0
github.com/choria-io/go-choria/submission/spool.go:117.16,119.3 1 0
github.com/choria-io/go-choria/submission/spool.go:121.2,123.16 3 0
github.com/choria-io/go-choria/submission/spool.go:123.16,125.3 1 0
github.com/choria-io/go-choria/submission/spool.go:127.2,127.22 1 0
github.com/choria-io/go-choria/submission/spool.go:127.22,129.3 1 0
github.com/choria-io/go-choria/submission/spool.go:131.2,133.18 2 0
github.com/choria-io/go-choria/submission/spool.go:136.91,142.57 4 0
github.com/choria-io/go-choria/submission/spool.go:142.57,145.26 2 0
github.com/choria-io/go-choria/submission/spool.go:145.26,147.18 2 0
github.com/choria-io/go-choria/submission/spool.go:147.18,148.16 1 0
github.com/choria-io/go-choria/submission/spool.go:149.29,150.62 1 0
github.com/choria-io/go-choria/submission/spool.go:151.28,152.56 1 0
github.com/choria-io/go-choria/submission/spool.go:153.13,154.84 1 0
github.com/choria-io/go-choria/submission/spool.go:156.5,158.13 2 0
github.com/choria-io/go-choria/submission/spool.go:162.4,162.19 1 0
github.com/choria-io/go-choria/submission/spool.go:162.19,163.12 1 0
github.com/choria-io/go-choria/submission/spool.go:164.23,165.22 1 0
github.com/choria-io/go-choria/submission/spool.go:166.13,166.13 0 0
github.com/choria-io/go-choria/submission/spool.go:169.5,170.19 2 0
github.com/choria-io/go-choria/submission/spool.go:170.19,172.6 1 0
github.com/choria-io/go-choria/submission/spool.go:173.5,174.13 2 0
github.com/choria-io/go-choria/submission/spool.go:178.4,178.20 1 0
github.com/choria-io/go-choria/submission/spool.go:178.20,179.13 1 0
github.com/choria-io/go-choria/submission/spool.go:182.4,183.18 2 0
github.com/choria-io/go-choria/submission/spool.go:183.18,187.13 4 0
github.com/choria-io/go-choria/submission/spool.go:190.4,190.130 1 0
github.com/choria-io/go-choria/submission/spool.go:193.3,193.13 1 0
github.com/choria-io/go-choria/submission/spool.go:196.2,196.14 1 0
github.com/choria-io/go-choria/validator/duration/duration.go:14.49,16.16 2 1
github.com/choria-io/go-choria/validator/duration/duration.go:16.16,18.3 1 1
github.com/choria-io/go-choria/validator/duration/duration.go:20.2,20.18 1 1
github.com/choria-io/go-choria/validator/duration/duration.go:24.73,25.36 1 1
github.com/choria-io/go-choria/validator/duration/duration.go:25.36,27.3 1 0
github.com/choria-io/go-choria/validator/duration/duration.go:29.2,29.39 1 1
github.com/choria-io/go-choria/validator/enum/enum.go:15.67,16.30 1 1
github.com/choria-io/go-choria/validator/enum/enum.go:16.30,18.13 2 1
github.com/choria-io/go-choria/validator/enum/enum.go:18.13,20.4 1 1
github.com/choria-io/go-choria/validator/enum/enum.go:23.2,23.18 1 1
github.com/choria-io/go-choria/validator/enum/enum.go:27.66,30.26 2 1
github.com/choria-io/go-choria/validator/enum/enum.go:30.26,31.18 1 1
github.com/choria-io/go-choria/validator/enum/enum.go:31.18,33.4 1 1
github.com/choria-io/go-choria/validator/enum/enum.go:36.2,36.12 1 1
github.com/choria-io/go-choria/validator/enum/enum.go:36.12,38.3 1 1
github.com/choria-io/go-choria/validator/enum/enum.go:40.2,40.18 1 1
github.com/choria-io/go-choria/validator/enum/enum.go:44.73,48.21 3 1
github.com/choria-io/go-choria/validator/enum/enum.go:48.21,50.3 1 0
github.com/choria-io/go-choria/validator/enum/enum.go:52.2,54.22 2 1
github.com/choria-io/go-choria/validator/enum/enum.go:55.21,57.10 2 1
github.com/choria-io/go-choria/validator/enum/enum.go:57.10,59.4 1 0
github.com/choria-io/go-choria/validator/enum/enum.go:61.3,61.35 1 1
github.com/choria-io/go-choria/validator/enum/enum.go:62.22,65.34 2 1
github.com/choria-io/go-choria/validator/enum/enum.go:67.10,68.92 1 1
github.com/choria-io/go-choria/validator/ipaddress/ipaddress.go:14.49,17.15 2 1
github.com/choria-io/go-choria/validator/ipaddress/ipaddress.go:17.15,19.3 1 1
github.com/choria-io/go-choria/validator/ipaddress/ipaddress.go:21.2,21.18 1 1
github.com/choria-io/go-choria/validator/ipaddress/ipaddress.go:25.73,26.36 1 1
github.com/choria-io/go-choria/validator/ipaddress/ipaddress.go:26.36,28.3 1 0
github.com/choria-io/go-choria/validator/ipaddress/ipaddress.go:30.2,30.39 1 1
github.com/choria-io/go-choria/validator/ipv4/ipv4.go:14.49,17.15 2 1
github.com/choria-io/go-choria/validator/ipv4/ipv4.go:17.15,19.3 1 1
github.com/choria-io/go-choria/validator/ipv4/ipv4.go:21.2,21.18 1 1
github.com/choria-io/go-choria/validator/ipv4/ipv4.go:25.73,26.36 1 1
github.com/choria-io/go-choria/validator/ipv4/ipv4.go:26.36,28.3 1 0
github.com/choria-io/go-choria/validator/ipv4/ipv4.go:30.2,30.39 1 1
github.com/choria-io/go-choria/validator/ipv6/ipv6.go:14.49,17.15 2 1
github.com/choria-io/go-choria/validator/ipv6/ipv6.go:17.15,19.3 1 1
github.com/choria-io/go-choria/validator/ipv6/ipv6.go:21.2,21.21 1 1
github.com/choria-io/go-choria/validator/ipv6/ipv6.go:21.21,23.3 1 1
github.com/choria-io/go-choria/validator/ipv6/ipv6.go:25.2,25.18 1 1
github.com/choria-io/go-choria/validator/ipv6/ipv6.go:29.73,30.36 1 1
github.com/choria-io/go-choria/validator/ipv6/ipv6.go:30.36,32.3 1 0
github.com/choria-io/go-choria/validator/ipv6/ipv6.go:34.2,34.39 1 1
github.com/choria-io/go-choria/validator/maxlength/maxlength.go:15.58,16.22 1 1
github.com/choria-io/go-choria/validator/maxlength/maxlength.go:16.22,18.3 1 1
github.com/choria-io/go-choria/validator/maxlength/maxlength.go:20.2,20.18 1 1
github.com/choria-io/go-choria/validator/maxlength/maxlength.go:24.73,28.21 3 1
github.com/choria-io/go-choria/validator/maxlength/maxlength.go:28.21,30.3 1 1
github.com/choria-io/go-choria/validator/maxlength/maxlength.go:32.2,34.22 2 1
github.com/choria-io/go-choria/validator/maxlength/maxlength.go:35.22,36.45 1 1
github.com/choria-io/go-choria/validator/maxlength/maxlength.go:37.21,39.14 2 1
github.com/choria-io/go-choria/validator/maxlength/maxlength.go:39.14,41.4 1 1
github.com/choria-io/go-choria/validator/maxlength/maxlength.go:43.3,43.19 1 1
github.com/choria-io/go-choria/validator/maxlength/maxlength.go:45.10,46.84 1 1
github.com/choria-io/go-choria/validator/regex/regex.go:14.63,16.16 2 1
github.com/choria-io/go-choria/validator/regex/regex.go:16.16,18.3 1 1
github.com/choria-io/go-choria/validator/regex/regex.go:20.2,20.28 1 1
github.com/choria-io/go-choria/validator/regex/regex.go:20.28,22.3 1 1
github.com/choria-io/go-choria/validator/regex/regex.go:24.2,24.18 1 1
github.com/choria-io/go-choria/validator/regex/regex.go:29.73,33.21 3 1
github.com/choria-io/go-choria/validator/regex/regex.go:33.21,35.3 1 1
github.com/choria-io/go-choria/validator/regex/regex.go:37.2,37.36 1 1
github.com/choria-io/go-choria/validator/regex/regex.go:37.36,39.3 1 0
github.com/choria-io/go-choria/validator/regex/regex.go:41.2,41.49 1 1
github.com/choria-io/go-choria/validator/shellsafe/shellsafe.go:15.43,18.29 2 1
github.com/choria-io/go-choria/validator/shellsafe/shellsafe.go:18.29,19.33 1 1
github.com/choria-io/go-choria/validator/shellsafe/shellsafe.go:19.33,21.4 1 1
github.com/choria-io/go-choria/validator/shellsafe/shellsafe.go:24.2,24.18 1 1
github.com/choria-io/go-choria/validator/shellsafe/shellsafe.go:28.73,29.36 1 1
github.com/choria-io/go-choria/validator/shellsafe/shellsafe.go:29.36,31.3 1 0
github.com/choria-io/go-choria/validator/shellsafe/shellsafe.go:33.2,33.33 1 1
github.com/choria-io/go-choria/validator/util.go:12.24,14.2 1 0
github.com/choria-io/go-choria/validator/util.go:17.26,20.2 2 0
github.com/choria-io/go-choria/validator/util.go:23.25,25.2 1 0
github.com/choria-io/go-choria/validator/util.go:28.27,30.2 1 0
github.com/choria-io/go-choria/validator/util.go:33.27,35.2 1 0
github.com/choria-io/go-choria/validator/util.go:38.29,40.2 1 0
github.com/choria-io/go-choria/validator/util.go:43.28,45.2 1 0
github.com/choria-io/go-choria/validator/util.go:48.28,50.2 1 0
github.com/choria-io/go-choria/validator/util.go:53.27,55.2 1 0
github.com/choria-io/go-choria/validator/util.go:58.31,60.9 2 0
github.com/choria-io/go-choria/validator/util.go:60.9,62.3 1 0
github.com/choria-io/go-choria/validator/util.go:64.2,64.29 1 0
github.com/choria-io/go-choria/validator/util.go:68.24,70.2 1 0
github.com/choria-io/go-choria/validator/util.go:73.25,75.2 1 0
github.com/choria-io/go-choria/validator/util.go:78.26,80.2 1 0
github.com/choria-io/go-choria/validator/util.go:83.26,85.2 1 0
github.com/choria-io/go-choria/validator/util.go:88.26,90.2 1 0
github.com/choria-io/go-choria/validator/validator.go:29.47,32.31 2 1
github.com/choria-io/go-choria/validator/validator.go:32.31,34.3 1 0
github.com/choria-io/go-choria/validator/validator.go:36.2,36.33 1 1
github.com/choria-io/go-choria/validator/validator.go:40.66,43.31 2 1
github.com/choria-io/go-choria/validator/validator.go:43.31,45.3 1 0
github.com/choria-io/go-choria/validator/validator.go:47.2,49.9 3 1
github.com/choria-io/go-choria/validator/validator.go:49.9,51.3 1 1
github.com/choria-io/go-choria/validator/validator.go:53.2,56.16 3 1
github.com/choria-io/go-choria/validator/validator.go:56.16,58.3 1 1
github.com/choria-io/go-choria/validator/validator.go:60.2,60.18 1 1
github.com/choria-io/go-choria/validator/validator.go:63.59,64.38 1 1
github.com/choria-io/go-choria/validator/validator.go:64.38,70.17 5 1
github.com/choria-io/go-choria/validator/validator.go:70.17,72.4 1 1
github.com/choria-io/go-choria/validator/validator.go:75.2,75.18 1 1
github.com/choria-io/go-choria/validator/validator.go:78.108,79.41 1 1
github.com/choria-io/go-choria/validator/validator.go:79.41,81.10 2 1
github.com/choria-io/go-choria/validator/validator.go:81.10,83.4 1 1
github.com/choria-io/go-choria/validator/validator.go:86.2,86.22 1 1
github.com/choria-io/go-choria/validator/validator.go:86.22,88.3 1 1
github.com/choria-io/go-choria/validator/validator.go:90.2,90.31 1 1
github.com/choria-io/go-choria/validator/validator.go:90.31,91.76 1 1
github.com/choria-io/go-choria/validator/validator.go:91.76,93.4 1 1
github.com/choria-io/go-choria/validator/validator.go:95.8,95.33 1 1
github.com/choria-io/go-choria/validator/validator.go:95.33,96.71 1 1
github.com/choria-io/go-choria/validator/validator.go:96.71,98.4 1 1
github.com/choria-io/go-choria/validator/validator.go:100.8,100.33 1 1
github.com/choria-io/go-choria/validator/validator.go:100.33,101.71 1 1
github.com/choria-io/go-choria/validator/validator.go:101.71,103.4 1 1
github.com/choria-io/go-choria/validator/validator.go:105.8,105.38 1 1
github.com/choria-io/go-choria/validator/validator.go:105.38,106.76 1 1
github.com/choria-io/go-choria/validator/validator.go:106.76,108.4 1 1
github.com/choria-io/go-choria/validator/validator.go:110.8,110.51 1 1
github.com/choria-io/go-choria/validator/validator.go:110.51,111.72 1 1
github.com/choria-io/go-choria/validator/validator.go:111.72,113.4 1 1
github.com/choria-io/go-choria/validator/validator.go:115.8,115.55 1 1
github.com/choria-io/go-choria/validator/validator.go:115.55,116.76 1 1
github.com/choria-io/go-choria/validator/validator.go:116.76,118.4 1 1
github.com/choria-io/go-choria/validator/validator.go:120.8,120.50 1 1
github.com/choria-io/go-choria/validator/validator.go:120.50,121.71 1 1
github.com/choria-io/go-choria/validator/validator.go:121.71,123.4 1 1
github.com/choria-io/go-choria/validator/validator.go:125.8,125.54 1 1
github.com/choria-io/go-choria/validator/validator.go:125.54,126.75 1 1
github.com/choria-io/go-choria/validator/validator.go:126.75,128.4 1 1
github.com/choria-io/go-choria/validator/validator.go:131.2,131.12 1 1
