mode: set
github.com/choria-io/go-choria/choria/connection.go:34.96,41.2 1 0
github.com/choria-io/go-choria/choria/connection.go:50.45,52.2 1 0
github.com/choria-io/go-choria/choria/connection.go:54.43,56.2 1 0
github.com/choria-io/go-choria/choria/connection.go:58.42,60.2 1 0
github.com/choria-io/go-choria/choria/connection.go:62.38,64.2 1 0
github.com/choria-io/go-choria/choria/connection.go:119.13,125.2 5 1
github.com/choria-io/go-choria/choria/connection.go:134.155,135.16 1 1
github.com/choria-io/go-choria/choria/connection.go:135.16,137.3 1 0
github.com/choria-io/go-choria/choria/connection.go:139.2,153.35 4 1
github.com/choria-io/go-choria/choria/connection.go:153.35,157.17 3 1
github.com/choria-io/go-choria/choria/connection.go:157.17,159.4 1 0
github.com/choria-io/go-choria/choria/connection.go:167.3,167.82 1 1
github.com/choria-io/go-choria/choria/connection.go:167.82,169.4 1 1
github.com/choria-io/go-choria/choria/connection.go:171.3,174.21 4 1
github.com/choria-io/go-choria/choria/connection.go:177.2,177.18 1 1
github.com/choria-io/go-choria/choria/connection.go:177.18,179.17 2 0
github.com/choria-io/go-choria/choria/connection.go:179.17,181.4 1 0
github.com/choria-io/go-choria/choria/connection.go:184.2,184.18 1 1
github.com/choria-io/go-choria/choria/connection.go:187.58,189.2 1 0
github.com/choria-io/go-choria/choria/connection.go:191.59,193.2 1 0
github.com/choria-io/go-choria/choria/connection.go:195.43,197.2 1 0
github.com/choria-io/go-choria/choria/connection.go:202.138,215.44 6 0
github.com/choria-io/go-choria/choria/connection.go:215.44,216.7 1 0
github.com/choria-io/go-choria/choria/connection.go:216.7,217.11 1 0
github.com/choria-io/go-choria/choria/connection.go:218.24,219.92 1 0
github.com/choria-io/go-choria/choria/connection.go:220.21,221.11 1 0
github.com/choria-io/go-choria/choria/connection.go:226.2,231.16 4 0
github.com/choria-io/go-choria/choria/connection.go:231.16,233.3 1 0
github.com/choria-io/go-choria/choria/connection.go:235.2,236.16 2 0
github.com/choria-io/go-choria/choria/connection.go:236.16,238.3 1 0
github.com/choria-io/go-choria/choria/connection.go:240.2,240.19 1 0
github.com/choria-io/go-choria/choria/connection.go:245.146,258.62 6 0
github.com/choria-io/go-choria/choria/connection.go:258.62,259.7 1 0
github.com/choria-io/go-choria/choria/connection.go:259.7,260.11 1 0
github.com/choria-io/go-choria/choria/connection.go:261.21,262.89 1 0
github.com/choria-io/go-choria/choria/connection.go:263.22,265.11 2 0
github.com/choria-io/go-choria/choria/connection.go:266.18,268.11 2 0
github.com/choria-io/go-choria/choria/connection.go:273.2,278.16 4 0
github.com/choria-io/go-choria/choria/connection.go:278.16,280.3 1 0
github.com/choria-io/go-choria/choria/connection.go:282.2,283.16 2 0
github.com/choria-io/go-choria/choria/connection.go:283.16,285.3 1 0
github.com/choria-io/go-choria/choria/connection.go:287.2,287.12 1 0
github.com/choria-io/go-choria/choria/connection.go:290.56,294.49 3 0
github.com/choria-io/go-choria/choria/connection.go:294.49,295.30 1 0
github.com/choria-io/go-choria/choria/connection.go:295.30,303.11 3 0
github.com/choria-io/go-choria/choria/connection.go:304.49,304.49 0 0
github.com/choria-io/go-choria/choria/connection.go:305.52,305.52 0 0
github.com/choria-io/go-choria/choria/connection.go:306.50,306.50 0 0
github.com/choria-io/go-choria/choria/connection.go:307.20,308.70 1 0
github.com/choria-io/go-choria/choria/connection.go:312.3,314.39 2 0
github.com/choria-io/go-choria/choria/connection.go:317.2,317.12 1 0
github.com/choria-io/go-choria/choria/connection.go:321.70,322.9 1 1
github.com/choria-io/go-choria/choria/connection.go:323.25,324.24 1 1
github.com/choria-io/go-choria/choria/connection.go:325.10,325.10 0 0
github.com/choria-io/go-choria/choria/connection.go:328.2,330.40 2 0
github.com/choria-io/go-choria/choria/connection.go:334.60,335.9 1 0
github.com/choria-io/go-choria/choria/connection.go:336.25,337.24 1 0
github.com/choria-io/go-choria/choria/connection.go:338.10,338.10 0 0
github.com/choria-io/go-choria/choria/connection.go:341.2,342.34 2 0
github.com/choria-io/go-choria/choria/connection.go:346.105,349.2 2 0
github.com/choria-io/go-choria/choria/connection.go:352.58,354.16 2 0
github.com/choria-io/go-choria/choria/connection.go:354.16,356.3 1 0
github.com/choria-io/go-choria/choria/connection.go:358.2,360.30 2 0
github.com/choria-io/go-choria/choria/connection.go:360.30,362.3 1 0
github.com/choria-io/go-choria/choria/connection.go:364.2,364.27 1 0
github.com/choria-io/go-choria/choria/connection.go:364.27,366.3 1 0
github.com/choria-io/go-choria/choria/connection.go:368.2,368.46 1 0
github.com/choria-io/go-choria/choria/connection.go:371.104,372.50 1 0
github.com/choria-io/go-choria/choria/connection.go:372.50,374.3 1 0
github.com/choria-io/go-choria/choria/connection.go:376.2,376.55 1 0
github.com/choria-io/go-choria/choria/connection.go:379.110,382.68 2 0
github.com/choria-io/go-choria/choria/connection.go:382.68,386.24 3 0
github.com/choria-io/go-choria/choria/connection.go:386.24,387.22 1 0
github.com/choria-io/go-choria/choria/connection.go:387.22,388.10 1 0
github.com/choria-io/go-choria/choria/connection.go:391.4,391.82 1 0
github.com/choria-io/go-choria/choria/connection.go:394.3,398.17 4 0
github.com/choria-io/go-choria/choria/connection.go:398.17,400.4 1 0
github.com/choria-io/go-choria/choria/connection.go:402.3,402.62 1 0
github.com/choria-io/go-choria/choria/connection.go:402.62,408.18 4 0
github.com/choria-io/go-choria/choria/connection.go:408.18,410.5 1 0
github.com/choria-io/go-choria/choria/connection.go:414.2,414.12 1 0
github.com/choria-io/go-choria/choria/connection.go:417.113,419.16 2 0
github.com/choria-io/go-choria/choria/connection.go:419.16,421.3 1 0
github.com/choria-io/go-choria/choria/connection.go:423.2,427.16 4 0
github.com/choria-io/go-choria/choria/connection.go:427.16,429.3 1 0
github.com/choria-io/go-choria/choria/connection.go:431.2,431.61 1 0
github.com/choria-io/go-choria/choria/connection.go:431.61,439.17 5 0
github.com/choria-io/go-choria/choria/connection.go:439.17,441.4 1 0
github.com/choria-io/go-choria/choria/connection.go:444.2,444.12 1 0
github.com/choria-io/go-choria/choria/connection.go:447.104,448.50 1 0
github.com/choria-io/go-choria/choria/connection.go:448.50,450.3 1 0
github.com/choria-io/go-choria/choria/connection.go:452.2,452.55 1 0
github.com/choria-io/go-choria/choria/connection.go:455.113,457.16 2 0
github.com/choria-io/go-choria/choria/connection.go:457.16,459.3 1 0
github.com/choria-io/go-choria/choria/connection.go:461.2,462.16 2 0
github.com/choria-io/go-choria/choria/connection.go:462.16,464.3 1 0
github.com/choria-io/go-choria/choria/connection.go:466.2,471.16 4 0
github.com/choria-io/go-choria/choria/connection.go:471.16,473.3 1 0
github.com/choria-io/go-choria/choria/connection.go:475.2,477.12 2 0
github.com/choria-io/go-choria/choria/connection.go:480.110,482.16 2 0
github.com/choria-io/go-choria/choria/connection.go:482.16,484.3 1 0
github.com/choria-io/go-choria/choria/connection.go:486.2,488.45 2 0
github.com/choria-io/go-choria/choria/connection.go:488.45,490.17 2 0
github.com/choria-io/go-choria/choria/connection.go:490.17,492.4 1 0
github.com/choria-io/go-choria/choria/connection.go:494.3,499.17 4 0
github.com/choria-io/go-choria/choria/connection.go:499.17,501.4 1 0
github.com/choria-io/go-choria/choria/connection.go:504.2,506.12 2 0
github.com/choria-io/go-choria/choria/connection.go:509.75,510.30 1 0
github.com/choria-io/go-choria/choria/connection.go:510.30,512.3 1 0
github.com/choria-io/go-choria/choria/connection.go:514.2,514.20 1 0
github.com/choria-io/go-choria/choria/connection.go:515.30,516.26 1 0
github.com/choria-io/go-choria/choria/connection.go:516.26,518.4 1 0
github.com/choria-io/go-choria/choria/connection.go:520.3,520.28 1 0
github.com/choria-io/go-choria/choria/connection.go:522.32,523.66 1 0
github.com/choria-io/go-choria/choria/connection.go:525.39,526.68 1 0
github.com/choria-io/go-choria/choria/connection.go:528.38,529.61 1 0
github.com/choria-io/go-choria/choria/connection.go:531.10,532.124 1 0
github.com/choria-io/go-choria/choria/connection.go:536.94,538.2 1 0
github.com/choria-io/go-choria/choria/connection.go:540.68,542.2 1 0
github.com/choria-io/go-choria/choria/connection.go:544.87,546.2 1 0
github.com/choria-io/go-choria/choria/connection.go:548.67,550.2 1 0
github.com/choria-io/go-choria/choria/connection.go:552.69,554.2 1 0
github.com/choria-io/go-choria/choria/connection.go:556.88,558.2 1 0
github.com/choria-io/go-choria/choria/connection.go:560.86,562.2 1 0
github.com/choria-io/go-choria/choria/connection.go:564.62,567.2 1 0
github.com/choria-io/go-choria/choria/connection.go:569.53,571.2 1 0
github.com/choria-io/go-choria/choria/connection.go:573.72,575.16 2 0
github.com/choria-io/go-choria/choria/connection.go:575.16,577.3 1 0
github.com/choria-io/go-choria/choria/connection.go:579.2,579.34 1 0
github.com/choria-io/go-choria/choria/connection.go:582.81,584.2 1 0
github.com/choria-io/go-choria/choria/connection.go:587.44,589.2 1 0
github.com/choria-io/go-choria/choria/connection.go:592.50,593.24 1 0
github.com/choria-io/go-choria/choria/connection.go:593.24,595.3 1 0
github.com/choria-io/go-choria/choria/connection.go:597.2,598.16 2 0
github.com/choria-io/go-choria/choria/connection.go:598.16,600.3 1 0
github.com/choria-io/go-choria/choria/connection.go:602.2,602.21 1 0
github.com/choria-io/go-choria/choria/connection.go:605.48,613.2 2 0
github.com/choria-io/go-choria/choria/connection.go:615.42,618.2 1 1
github.com/choria-io/go-choria/choria/connection.go:624.66,641.55 5 0
github.com/choria-io/go-choria/choria/connection.go:641.55,646.4 3 0
github.com/choria-io/go-choria/choria/connection.go:648.60,649.18 1 0
github.com/choria-io/go-choria/choria/connection.go:649.18,651.5 1 0
github.com/choria-io/go-choria/choria/connection.go:654.45,657.4 2 0
github.com/choria-io/go-choria/choria/connection.go:659.42,661.18 2 0
github.com/choria-io/go-choria/choria/connection.go:661.18,663.5 1 0
github.com/choria-io/go-choria/choria/connection.go:664.4,664.23 1 0
github.com/choria-io/go-choria/choria/connection.go:667.76,668.24 1 0
github.com/choria-io/go-choria/choria/connection.go:668.24,670.5 1 0
github.com/choria-io/go-choria/choria/connection.go:670.10,672.5 1 0
github.com/choria-io/go-choria/choria/connection.go:674.4,674.22 1 0
github.com/choria-io/go-choria/choria/connection.go:677.43,679.4 1 0
github.com/choria-io/go-choria/choria/connection.go:682.2,683.25 2 0
github.com/choria-io/go-choria/choria/connection.go:683.25,685.3 1 0
github.com/choria-io/go-choria/choria/connection.go:686.2,688.39 2 0
github.com/choria-io/go-choria/choria/connection.go:688.39,690.3 1 0
github.com/choria-io/go-choria/choria/connection.go:692.2,694.9 2 0
github.com/choria-io/go-choria/choria/connection.go:695.16,698.25 3 0
github.com/choria-io/go-choria/choria/connection.go:700.31,701.52 1 0
github.com/choria-io/go-choria/choria/connection.go:701.52,703.18 2 0
github.com/choria-io/go-choria/choria/connection.go:703.18,705.5 1 0
github.com/choria-io/go-choria/choria/connection.go:708.3,709.25 2 0
github.com/choria-io/go-choria/choria/connection.go:711.24,714.29 2 0
github.com/choria-io/go-choria/choria/connection.go:714.29,716.4 1 0
github.com/choria-io/go-choria/choria/connection.go:716.9,718.82 1 0
github.com/choria-io/go-choria/choria/connection.go:718.82,721.19 3 0
github.com/choria-io/go-choria/choria/connection.go:721.19,723.6 1 0
github.com/choria-io/go-choria/choria/connection.go:724.10,727.5 2 0
github.com/choria-io/go-choria/choria/connection.go:730.3,730.23 1 0
github.com/choria-io/go-choria/choria/connection.go:730.23,732.4 1 0
github.com/choria-io/go-choria/choria/connection.go:733.3,736.35 3 0
github.com/choria-io/go-choria/choria/connection.go:736.35,738.18 2 0
github.com/choria-io/go-choria/choria/connection.go:738.18,740.5 1 0
github.com/choria-io/go-choria/choria/connection.go:741.4,741.55 1 0
github.com/choria-io/go-choria/choria/connection.go:744.30,745.64 1 0
github.com/choria-io/go-choria/choria/connection.go:747.10,749.17 2 0
github.com/choria-io/go-choria/choria/connection.go:749.17,752.4 2 0
github.com/choria-io/go-choria/choria/connection.go:754.2,754.17 1 0
github.com/choria-io/go-choria/choria/connection.go:754.17,756.3 1 0
github.com/choria-io/go-choria/choria/connection.go:758.2,758.76 1 0
github.com/choria-io/go-choria/choria/connection.go:758.76,760.3 1 0
github.com/choria-io/go-choria/choria/connection.go:762.2,762.46 1 0
github.com/choria-io/go-choria/choria/connection.go:762.46,764.3 1 0
github.com/choria-io/go-choria/choria/connection.go:766.2,766.54 1 0
github.com/choria-io/go-choria/choria/connection.go:766.54,768.17 2 0
github.com/choria-io/go-choria/choria/connection.go:768.17,770.4 1 0
github.com/choria-io/go-choria/choria/connection.go:771.3,774.17 4 0
github.com/choria-io/go-choria/choria/connection.go:774.17,776.4 1 0
github.com/choria-io/go-choria/choria/connection.go:778.3,781.13 3 0
github.com/choria-io/go-choria/choria/connection.go:786.33,789.2 2 0
github.com/choria-io/go-choria/choria/connection.go:792.46,793.25 1 0
github.com/choria-io/go-choria/choria/connection.go:793.25,795.3 1 0
github.com/choria-io/go-choria/choria/connection.go:795.8,797.3 1 0
github.com/choria-io/go-choria/choria/connection.go:801.33,805.40 3 0
github.com/choria-io/go-choria/choria/connection.go:805.40,807.3 1 0
github.com/choria-io/go-choria/choria/connection.go:808.2,810.25 2 0
github.com/choria-io/go-choria/choria/connection.go:810.25,812.17 2 0
github.com/choria-io/go-choria/choria/connection.go:812.17,814.4 1 0
github.com/choria-io/go-choria/choria/connection.go:817.2,823.19 5 0
github.com/choria-io/go-choria/choria/ecdh.go:38.56,41.16 3 1
github.com/choria-io/go-choria/choria/ecdh.go:41.16,43.3 1 0
github.com/choria-io/go-choria/choria/ecdh.go:45.2,48.35 3 1
github.com/choria-io/go-choria/choria/ecdh.go:52.78,54.2 1 1
github.com/choria-io/go-choria/choria/ecdh.go:57.84,59.16 2 1
github.com/choria-io/go-choria/choria/ecdh.go:59.16,61.3 1 0
github.com/choria-io/go-choria/choria/ecdh.go:63.2,64.16 2 1
github.com/choria-io/go-choria/choria/ecdh.go:64.16,66.3 1 0
github.com/choria-io/go-choria/choria/ecdh.go:68.2,69.16 2 1
github.com/choria-io/go-choria/choria/ecdh.go:69.16,71.3 1 0
github.com/choria-io/go-choria/choria/ecdh.go:73.2,73.34 1 1
github.com/choria-io/go-choria/choria/ed25519.go:13.80,15.2 1 0
github.com/choria-io/go-choria/choria/ed25519.go:17.68,19.2 1 0
github.com/choria-io/go-choria/choria/ed25519.go:21.69,23.2 1 0
github.com/choria-io/go-choria/choria/ed25519.go:25.90,27.2 1 0
github.com/choria-io/go-choria/choria/ed25519.go:29.89,31.2 1 0
github.com/choria-io/go-choria/choria/ed25519.go:33.70,35.2 1 1
github.com/choria-io/go-choria/choria/ed25519.go:37.84,39.2 1 0
github.com/choria-io/go-choria/choria/framework.go:69.60,70.35 1 0
github.com/choria-io/go-choria/choria/framework.go:70.35,73.3 2 0
github.com/choria-io/go-choria/choria/framework.go:77.59,79.16 2 0
github.com/choria-io/go-choria/choria/framework.go:79.16,81.3 1 0
github.com/choria-io/go-choria/choria/framework.go:83.2,85.37 2 0
github.com/choria-io/go-choria/choria/framework.go:89.76,96.27 2 1
github.com/choria-io/go-choria/choria/framework.go:96.27,98.17 2 0
github.com/choria-io/go-choria/choria/framework.go:98.17,100.4 1 0
github.com/choria-io/go-choria/choria/framework.go:103.2,104.16 2 1
github.com/choria-io/go-choria/choria/framework.go:104.16,106.3 1 0
github.com/choria-io/go-choria/choria/framework.go:108.2,114.16 5 1
github.com/choria-io/go-choria/choria/framework.go:114.16,116.3 1 0
github.com/choria-io/go-choria/choria/framework.go:118.2,118.16 1 1
github.com/choria-io/go-choria/choria/framework.go:122.77,126.2 3 0
github.com/choria-io/go-choria/choria/framework.go:129.73,134.2 3 1
github.com/choria-io/go-choria/choria/framework.go:137.46,139.2 1 1
github.com/choria-io/go-choria/choria/framework.go:141.44,147.9 2 1
github.com/choria-io/go-choria/choria/framework.go:148.37,149.34 1 0
github.com/choria-io/go-choria/choria/framework.go:150.44,151.46 1 0
github.com/choria-io/go-choria/choria/framework.go:152.46,153.45 1 0
github.com/choria-io/go-choria/choria/framework.go:156.2,156.43 1 1
github.com/choria-io/go-choria/choria/framework.go:157.16,162.33 1 1
github.com/choria-io/go-choria/choria/framework.go:164.14,168.31 1 0
github.com/choria-io/go-choria/choria/framework.go:170.16,171.31 1 0
github.com/choria-io/go-choria/choria/framework.go:173.21,177.53 1 0
github.com/choria-io/go-choria/choria/framework.go:179.16,183.30 1 0
github.com/choria-io/go-choria/choria/framework.go:185.10,186.86 1 0
github.com/choria-io/go-choria/choria/framework.go:189.2,189.16 1 1
github.com/choria-io/go-choria/choria/framework.go:189.16,191.3 1 0
github.com/choria-io/go-choria/choria/framework.go:193.2,193.95 1 1
github.com/choria-io/go-choria/choria/framework.go:193.95,195.10 2 0
github.com/choria-io/go-choria/choria/framework.go:195.10,197.4 1 0
github.com/choria-io/go-choria/choria/framework.go:200.2,200.12 1 1
github.com/choria-io/go-choria/choria/framework.go:207.43,208.139 1 1
github.com/choria-io/go-choria/choria/framework.go:208.139,210.3 1 1
github.com/choria-io/go-choria/choria/framework.go:212.2,212.59 1 1
github.com/choria-io/go-choria/choria/framework.go:212.59,214.3 1 1
github.com/choria-io/go-choria/choria/framework.go:226.2,227.18 2 1
github.com/choria-io/go-choria/choria/framework.go:227.18,228.35 1 1
github.com/choria-io/go-choria/choria/framework.go:228.35,231.4 2 1
github.com/choria-io/go-choria/choria/framework.go:234.2,234.33 1 1
github.com/choria-io/go-choria/choria/framework.go:238.53,240.2 1 0
github.com/choria-io/go-choria/choria/framework.go:243.50,244.24 1 0
github.com/choria-io/go-choria/choria/framework.go:244.24,246.3 1 0
github.com/choria-io/go-choria/choria/framework.go:248.2,248.37 1 0
github.com/choria-io/go-choria/choria/framework.go:252.65,255.25 2 0
github.com/choria-io/go-choria/choria/framework.go:255.25,257.3 1 0
github.com/choria-io/go-choria/choria/framework.go:259.2,271.39 12 0
github.com/choria-io/go-choria/choria/framework.go:271.39,274.3 2 0
github.com/choria-io/go-choria/choria/framework.go:276.2,276.45 1 0
github.com/choria-io/go-choria/choria/framework.go:276.45,283.3 6 0
github.com/choria-io/go-choria/choria/framework.go:285.2,285.32 1 0
github.com/choria-io/go-choria/choria/framework.go:285.32,287.3 1 0
github.com/choria-io/go-choria/choria/framework.go:289.2,289.44 1 0
github.com/choria-io/go-choria/choria/framework.go:289.44,292.3 2 0
github.com/choria-io/go-choria/choria/framework.go:294.2,294.70 1 0
github.com/choria-io/go-choria/choria/framework.go:294.70,301.17 6 0
github.com/choria-io/go-choria/choria/framework.go:301.17,303.4 1 0
github.com/choria-io/go-choria/choria/framework.go:308.50,310.2 1 0
github.com/choria-io/go-choria/choria/framework.go:313.58,315.2 1 1
github.com/choria-io/go-choria/choria/framework.go:320.69,325.15 3 0
github.com/choria-io/go-choria/choria/framework.go:325.15,327.3 1 0
github.com/choria-io/go-choria/choria/framework.go:329.2,329.21 1 0
github.com/choria-io/go-choria/choria/framework.go:329.21,331.3 1 0
github.com/choria-io/go-choria/choria/framework.go:333.2,333.35 1 0
github.com/choria-io/go-choria/choria/framework.go:333.35,335.3 1 0
github.com/choria-io/go-choria/choria/framework.go:337.2,337.8 1 0
github.com/choria-io/go-choria/choria/framework.go:346.90,350.25 3 0
github.com/choria-io/go-choria/choria/framework.go:350.25,352.17 2 0
github.com/choria-io/go-choria/choria/framework.go:352.17,354.4 1 0
github.com/choria-io/go-choria/choria/framework.go:357.2,357.26 1 0
github.com/choria-io/go-choria/choria/framework.go:357.26,359.17 2 0
github.com/choria-io/go-choria/choria/framework.go:359.17,361.4 1 0
github.com/choria-io/go-choria/choria/framework.go:364.2,364.39 1 0
github.com/choria-io/go-choria/choria/framework.go:364.39,365.23 1 0
github.com/choria-io/go-choria/choria/framework.go:365.23,367.4 1 0
github.com/choria-io/go-choria/choria/framework.go:370.2,370.21 1 0
github.com/choria-io/go-choria/choria/framework.go:374.78,375.41 1 0
github.com/choria-io/go-choria/choria/framework.go:375.41,379.17 3 0
github.com/choria-io/go-choria/choria/framework.go:379.17,381.4 1 0
github.com/choria-io/go-choria/choria/framework.go:383.3,383.22 1 0
github.com/choria-io/go-choria/choria/framework.go:386.2,386.36 1 0
github.com/choria-io/go-choria/choria/framework.go:386.36,388.17 2 0
github.com/choria-io/go-choria/choria/framework.go:388.17,390.4 1 0
github.com/choria-io/go-choria/choria/framework.go:392.3,392.27 1 0
github.com/choria-io/go-choria/choria/framework.go:392.27,394.18 2 0
github.com/choria-io/go-choria/choria/framework.go:394.18,396.5 1 0
github.com/choria-io/go-choria/choria/framework.go:400.4,400.41 1 0
github.com/choria-io/go-choria/choria/framework.go:400.41,402.5 1 0
github.com/choria-io/go-choria/choria/framework.go:405.3,405.40 1 0
github.com/choria-io/go-choria/choria/framework.go:405.40,406.24 1 0
github.com/choria-io/go-choria/choria/framework.go:406.24,408.5 1 0
github.com/choria-io/go-choria/choria/framework.go:412.2,412.44 1 0
github.com/choria-io/go-choria/choria/framework.go:412.44,416.17 3 0
github.com/choria-io/go-choria/choria/framework.go:416.17,418.4 1 0
github.com/choria-io/go-choria/choria/framework.go:421.2,421.21 1 0
github.com/choria-io/go-choria/choria/framework.go:427.89,429.2 1 0
github.com/choria-io/go-choria/choria/framework.go:439.80,442.22 2 0
github.com/choria-io/go-choria/choria/framework.go:442.22,444.3 1 0
github.com/choria-io/go-choria/choria/framework.go:446.2,448.25 2 0
github.com/choria-io/go-choria/choria/framework.go:448.25,450.17 2 0
github.com/choria-io/go-choria/choria/framework.go:450.17,452.4 1 0
github.com/choria-io/go-choria/choria/framework.go:455.2,455.60 1 0
github.com/choria-io/go-choria/choria/framework.go:455.60,457.17 2 0
github.com/choria-io/go-choria/choria/framework.go:457.17,459.4 1 0
github.com/choria-io/go-choria/choria/framework.go:462.2,462.26 1 0
github.com/choria-io/go-choria/choria/framework.go:462.26,464.3 1 0
github.com/choria-io/go-choria/choria/framework.go:466.2,466.39 1 0
github.com/choria-io/go-choria/choria/framework.go:466.39,467.23 1 0
github.com/choria-io/go-choria/choria/framework.go:467.23,469.4 1 0
github.com/choria-io/go-choria/choria/framework.go:472.2,472.21 1 0
github.com/choria-io/go-choria/choria/framework.go:475.50,476.19 1 0
github.com/choria-io/go-choria/choria/framework.go:476.19,478.3 1 0
github.com/choria-io/go-choria/choria/framework.go:481.46,483.2 1 1
github.com/choria-io/go-choria/choria/framework.go:486.64,487.9 1 1
github.com/choria-io/go-choria/choria/framework.go:488.45,489.28 1 1
github.com/choria-io/go-choria/choria/framework.go:491.44,492.27 1 0
github.com/choria-io/go-choria/choria/framework.go:494.44,495.27 1 0
github.com/choria-io/go-choria/choria/framework.go:497.21,501.17 3 0
github.com/choria-io/go-choria/choria/framework.go:501.17,503.4 1 0
github.com/choria-io/go-choria/choria/framework.go:505.3,505.25 1 0
github.com/choria-io/go-choria/choria/framework.go:508.2,508.12 1 1
github.com/choria-io/go-choria/choria/framework.go:512.52,514.2 1 0
github.com/choria-io/go-choria/choria/framework.go:518.59,519.35 1 1
github.com/choria-io/go-choria/choria/framework.go:519.35,522.3 2 0
github.com/choria-io/go-choria/choria/framework.go:524.2,528.16 4 1
github.com/choria-io/go-choria/choria/framework.go:528.16,530.3 1 0
github.com/choria-io/go-choria/choria/framework.go:532.2,532.28 1 1
github.com/choria-io/go-choria/choria/framework.go:533.15,534.34 1 0
github.com/choria-io/go-choria/choria/framework.go:535.14,536.33 1 1
github.com/choria-io/go-choria/choria/framework.go:537.14,538.33 1 0
github.com/choria-io/go-choria/choria/framework.go:539.15,540.34 1 0
github.com/choria-io/go-choria/choria/framework.go:541.15,542.34 1 1
github.com/choria-io/go-choria/choria/framework.go:543.10,544.33 1 0
github.com/choria-io/go-choria/choria/framework.go:547.2,547.11 1 1
github.com/choria-io/go-choria/choria/framework.go:547.11,549.3 1 0
github.com/choria-io/go-choria/choria/framework.go:551.2,555.8 4 1
github.com/choria-io/go-choria/choria/framework.go:560.104,561.37 1 0
github.com/choria-io/go-choria/choria/framework.go:561.37,563.3 1 0
github.com/choria-io/go-choria/choria/framework.go:565.2,565.26 1 0
github.com/choria-io/go-choria/choria/framework.go:565.26,567.34 2 0
github.com/choria-io/go-choria/choria/framework.go:567.34,572.4 3 0
github.com/choria-io/go-choria/choria/framework.go:575.2,577.24 2 0
github.com/choria-io/go-choria/choria/framework.go:586.82,589.37 2 0
github.com/choria-io/go-choria/choria/framework.go:589.37,591.3 1 0
github.com/choria-io/go-choria/choria/framework.go:593.2,596.38 3 0
github.com/choria-io/go-choria/choria/framework.go:596.38,598.17 2 0
github.com/choria-io/go-choria/choria/framework.go:598.17,600.4 1 0
github.com/choria-io/go-choria/choria/framework.go:603.3,603.38 1 0
github.com/choria-io/go-choria/choria/framework.go:606.2,606.28 1 0
github.com/choria-io/go-choria/choria/framework.go:606.28,611.17 4 0
github.com/choria-io/go-choria/choria/framework.go:611.17,613.12 2 0
github.com/choria-io/go-choria/choria/framework.go:616.3,617.8 2 0
github.com/choria-io/go-choria/choria/framework.go:620.2,620.21 1 0
github.com/choria-io/go-choria/choria/framework.go:625.81,627.16 2 0
github.com/choria-io/go-choria/choria/framework.go:627.16,628.38 1 0
github.com/choria-io/go-choria/choria/framework.go:628.38,630.4 1 0
github.com/choria-io/go-choria/choria/framework.go:632.3,632.12 1 0
github.com/choria-io/go-choria/choria/framework.go:635.2,635.26 1 0
github.com/choria-io/go-choria/choria/framework.go:635.26,637.17 2 0
github.com/choria-io/go-choria/choria/framework.go:637.17,639.4 1 0
github.com/choria-io/go-choria/choria/framework.go:642.2,642.39 1 0
github.com/choria-io/go-choria/choria/framework.go:642.39,643.23 1 0
github.com/choria-io/go-choria/choria/framework.go:643.23,645.4 1 0
github.com/choria-io/go-choria/choria/framework.go:648.2,648.21 1 0
github.com/choria-io/go-choria/choria/framework.go:652.35,654.2 1 0
github.com/choria-io/go-choria/choria/framework.go:657.68,659.2 1 0
github.com/choria-io/go-choria/choria/framework.go:662.68,664.2 1 0
github.com/choria-io/go-choria/choria/framework.go:667.51,669.2 1 0
github.com/choria-io/go-choria/choria/framework.go:672.53,674.2 1 0
github.com/choria-io/go-choria/choria/framework.go:677.41,679.2 1 0
github.com/choria-io/go-choria/choria/framework.go:683.70,685.2 1 0
github.com/choria-io/go-choria/choria/framework.go:688.53,689.48 1 0
github.com/choria-io/go-choria/choria/framework.go:689.48,691.17 2 0
github.com/choria-io/go-choria/choria/framework.go:691.17,693.4 1 0
github.com/choria-io/go-choria/choria/framework.go:694.3,694.27 1 0
github.com/choria-io/go-choria/choria/framework.go:697.2,697.59 1 0
github.com/choria-io/go-choria/choria/framework.go:701.40,703.2 1 0
github.com/choria-io/go-choria/choria/framework.go:706.40,708.16 2 0
github.com/choria-io/go-choria/choria/framework.go:708.16,710.3 1 0
github.com/choria-io/go-choria/choria/framework.go:712.2,712.48 1 0
github.com/choria-io/go-choria/choria/framework.go:716.60,717.42 1 0
github.com/choria-io/go-choria/choria/framework.go:717.42,718.22 1 0
github.com/choria-io/go-choria/choria/framework.go:718.22,720.4 1 0
github.com/choria-io/go-choria/choria/framework.go:723.2,723.14 1 0
github.com/choria-io/go-choria/choria/framework.go:727.48,729.2 1 0
github.com/choria-io/go-choria/choria/framework.go:732.46,734.2 1 0
github.com/choria-io/go-choria/choria/framework.go:737.53,739.2 1 0
github.com/choria-io/go-choria/choria/framework.go:742.116,744.16 2 1
github.com/choria-io/go-choria/choria/framework.go:744.16,746.3 1 1
github.com/choria-io/go-choria/choria/framework.go:748.2,748.33 1 1
github.com/choria-io/go-choria/choria/framework.go:748.33,750.17 2 1
github.com/choria-io/go-choria/choria/framework.go:750.17,752.4 1 0
github.com/choria-io/go-choria/choria/framework.go:754.3,754.69 1 1
github.com/choria-io/go-choria/choria/framework.go:755.8,757.17 2 1
github.com/choria-io/go-choria/choria/framework.go:757.17,759.4 1 0
github.com/choria-io/go-choria/choria/framework.go:761.3,761.77 1 1
github.com/choria-io/go-choria/choria/framework.go:767.61,768.9 1 0
github.com/choria-io/go-choria/choria/framework.go:769.53,770.54 1 0
github.com/choria-io/go-choria/choria/framework.go:771.38,772.49 1 0
github.com/choria-io/go-choria/choria/framework.go:772.49,774.4 1 0
github.com/choria-io/go-choria/choria/framework.go:775.56,776.57 1 0
github.com/choria-io/go-choria/choria/framework.go:779.2,780.16 2 0
github.com/choria-io/go-choria/choria/framework.go:780.16,782.3 1 0
github.com/choria-io/go-choria/choria/framework.go:784.2,784.75 1 0
github.com/choria-io/go-choria/choria/framework.go:789.62,792.9 2 1
github.com/choria-io/go-choria/choria/framework.go:793.54,794.48 1 1
github.com/choria-io/go-choria/choria/framework.go:795.52,796.46 1 1
github.com/choria-io/go-choria/choria/framework.go:797.38,798.40 1 1
github.com/choria-io/go-choria/choria/framework.go:801.2,801.14 1 1
github.com/choria-io/go-choria/choria/framework.go:801.14,803.3 1 1
github.com/choria-io/go-choria/choria/framework.go:805.2,805.16 1 1
github.com/choria-io/go-choria/choria/framework.go:809.80,813.16 3 1
github.com/choria-io/go-choria/choria/framework.go:813.16,815.3 1 1
github.com/choria-io/go-choria/choria/framework.go:817.2,818.16 2 1
github.com/choria-io/go-choria/choria/framework.go:818.16,820.3 1 0
github.com/choria-io/go-choria/choria/framework.go:822.2,823.17 2 1
github.com/choria-io/go-choria/choria/framework.go:824.30,826.17 2 1
github.com/choria-io/go-choria/choria/framework.go:826.17,828.4 1 0
github.com/choria-io/go-choria/choria/framework.go:829.3,830.17 2 1
github.com/choria-io/go-choria/choria/framework.go:830.17,833.4 2 0
github.com/choria-io/go-choria/choria/framework.go:834.3,834.28 1 1
github.com/choria-io/go-choria/choria/framework.go:836.28,838.17 2 1
github.com/choria-io/go-choria/choria/framework.go:838.17,840.4 1 0
github.com/choria-io/go-choria/choria/framework.go:841.3,842.17 2 1
github.com/choria-io/go-choria/choria/framework.go:842.17,845.4 2 0
github.com/choria-io/go-choria/choria/framework.go:846.3,846.28 1 1
github.com/choria-io/go-choria/choria/framework.go:848.34,848.34 0 0
github.com/choria-io/go-choria/choria/framework.go:851.10,852.97 1 0
github.com/choria-io/go-choria/choria/framework.go:855.2,855.48 1 1
github.com/choria-io/go-choria/choria/framework.go:859.68,861.2 1 0
github.com/choria-io/go-choria/choria/framework.go:863.61,869.16 5 0
github.com/choria-io/go-choria/choria/framework.go:869.16,871.3 1 0
github.com/choria-io/go-choria/choria/framework.go:872.2,877.16 4 0
github.com/choria-io/go-choria/choria/framework.go:877.16,879.3 1 0
github.com/choria-io/go-choria/choria/framework.go:880.2,881.16 2 0
github.com/choria-io/go-choria/choria/framework.go:881.16,883.3 1 0
github.com/choria-io/go-choria/choria/framework.go:885.2,886.16 2 0
github.com/choria-io/go-choria/choria/framework.go:886.16,888.3 1 0
github.com/choria-io/go-choria/choria/framework.go:889.2,891.28 2 0
github.com/choria-io/go-choria/choria/framework.go:891.28,893.3 1 0
github.com/choria-io/go-choria/choria/framework.go:895.2,896.16 2 0
github.com/choria-io/go-choria/choria/framework.go:896.16,898.3 1 0
github.com/choria-io/go-choria/choria/framework.go:900.2,900.18 1 0
github.com/choria-io/go-choria/choria/framework.go:903.72,905.16 2 0
github.com/choria-io/go-choria/choria/framework.go:905.16,907.3 1 0
github.com/choria-io/go-choria/choria/framework.go:909.2,915.16 3 0
github.com/choria-io/go-choria/choria/framework.go:915.16,917.3 1 0
github.com/choria-io/go-choria/choria/framework.go:919.2,920.24 2 0
github.com/choria-io/go-choria/choria/framework.go:920.24,921.21 1 0
github.com/choria-io/go-choria/choria/framework.go:921.21,923.4 1 0
github.com/choria-io/go-choria/choria/framework.go:926.2,926.19 1 0
github.com/choria-io/go-choria/choria/framework.go:931.73,932.22 1 0
github.com/choria-io/go-choria/choria/framework.go:932.22,934.3 1 0
github.com/choria-io/go-choria/choria/framework.go:936.2,936.11 1 0
github.com/choria-io/go-choria/choria/framework.go:937.13,938.52 1 0
github.com/choria-io/go-choria/choria/framework.go:939.15,940.54 1 0
github.com/choria-io/go-choria/choria/framework.go:941.16,942.55 1 0
github.com/choria-io/go-choria/choria/framework.go:943.10,944.35 1 0
github.com/choria-io/go-choria/choria/framework.go:949.42,951.16 2 0
github.com/choria-io/go-choria/choria/framework.go:951.16,953.3 1 0
github.com/choria-io/go-choria/choria/framework.go:955.2,955.16 1 0
github.com/choria-io/go-choria/choria/framework.go:955.16,957.3 1 0
github.com/choria-io/go-choria/choria/framework.go:959.2,960.16 2 0
github.com/choria-io/go-choria/choria/framework.go:960.16,962.3 1 0
github.com/choria-io/go-choria/choria/framework.go:964.2,964.14 1 0
github.com/choria-io/go-choria/choria/framework.go:968.58,970.2 1 0
github.com/choria-io/go-choria/choria/framework.go:973.159,975.17 2 0
github.com/choria-io/go-choria/choria/framework.go:975.17,977.17 2 0
github.com/choria-io/go-choria/choria/framework.go:977.17,979.4 1 0
github.com/choria-io/go-choria/choria/framework.go:982.2,982.60 1 0
github.com/choria-io/go-choria/choria/framework.go:986.229,989.17 2 0
github.com/choria-io/go-choria/choria/framework.go:989.17,991.17 2 0
github.com/choria-io/go-choria/choria/framework.go:991.17,993.4 1 0
github.com/choria-io/go-choria/choria/framework.go:996.2,997.16 2 0
github.com/choria-io/go-choria/choria/framework.go:997.16,999.3 1 0
github.com/choria-io/go-choria/choria/framework.go:1001.2,1001.23 1 0
github.com/choria-io/go-choria/choria/framework.go:1006.154,1010.2 2 0
github.com/choria-io/go-choria/choria/framework.go:1013.179,1016.17 2 0
github.com/choria-io/go-choria/choria/framework.go:1016.17,1018.17 2 0
github.com/choria-io/go-choria/choria/framework.go:1018.17,1020.4 1 0
github.com/choria-io/go-choria/choria/framework.go:1023.2,1024.14 2 0
github.com/choria-io/go-choria/choria/framework.go:1024.14,1026.3 1 0
github.com/choria-io/go-choria/choria/framework.go:1028.2,1029.16 2 0
github.com/choria-io/go-choria/choria/framework.go:1029.16,1031.3 1 0
github.com/choria-io/go-choria/choria/framework.go:1033.2,1034.16 2 0
github.com/choria-io/go-choria/choria/framework.go:1034.16,1036.3 1 0
github.com/choria-io/go-choria/choria/framework.go:1038.2,1039.16 2 0
github.com/choria-io/go-choria/choria/framework.go:1039.16,1041.3 1 0
github.com/choria-io/go-choria/choria/framework.go:1043.2,1043.21 1 0
github.com/choria-io/go-choria/choria/framework.go:1047.138,1050.2 2 0
github.com/choria-io/go-choria/choria/framework.go:1053.163,1058.17 3 0
github.com/choria-io/go-choria/choria/framework.go:1058.17,1060.17 2 0
github.com/choria-io/go-choria/choria/framework.go:1060.17,1062.4 1 0
github.com/choria-io/go-choria/choria/framework.go:1065.2,1066.16 2 0
github.com/choria-io/go-choria/choria/framework.go:1066.16,1068.3 1 0
github.com/choria-io/go-choria/choria/framework.go:1070.2,1070.21 1 0
github.com/choria-io/go-choria/choria/framework.go:1073.66,1079.48 2 0
github.com/choria-io/go-choria/choria/framework.go:1079.48,1081.3 1 0
github.com/choria-io/go-choria/choria/framework.go:1083.2,1083.23 1 0
github.com/choria-io/go-choria/choria/logging.go:10.42,12.2 1 1
github.com/choria-io/go-choria/choria/pkcs11_cgo.go:18.74,23.16 2 0
github.com/choria-io/go-choria/choria/pkcs11_cgo.go:23.16,25.3 1 0
github.com/choria-io/go-choria/choria/pkcs11_cgo.go:26.2,27.9 2 0
github.com/choria-io/go-choria/choria/pkcs11_cgo.go:27.9,29.3 1 0
github.com/choria-io/go-choria/choria/pkcs11_cgo.go:31.2,33.12 2 0
github.com/choria-io/go-choria/choria/protocol.go:19.152,21.2 1 0
github.com/choria-io/go-choria/choria/protocol.go:24.65,25.41 1 0
github.com/choria-io/go-choria/choria/protocol.go:26.36,27.28 1 0
github.com/choria-io/go-choria/choria/protocol.go:29.42,30.28 1 0
github.com/choria-io/go-choria/choria/protocol.go:32.10,33.26 1 0
github.com/choria-io/go-choria/choria/protocol.go:38.96,40.16 2 0
github.com/choria-io/go-choria/choria/protocol.go:40.16,42.3 1 0
github.com/choria-io/go-choria/choria/protocol.go:44.2,45.16 2 0
github.com/choria-io/go-choria/choria/protocol.go:45.16,47.3 1 0
github.com/choria-io/go-choria/choria/protocol.go:49.2,50.16 2 0
github.com/choria-io/go-choria/choria/protocol.go:50.16,52.3 1 0
github.com/choria-io/go-choria/choria/protocol.go:54.2,57.16 3 0
github.com/choria-io/go-choria/choria/protocol.go:57.16,59.3 1 0
github.com/choria-io/go-choria/choria/protocol.go:61.2,61.17 1 0
github.com/choria-io/go-choria/choria/protocol.go:64.105,66.2 1 0
github.com/choria-io/go-choria/choria/protocol.go:69.115,71.16 2 0
github.com/choria-io/go-choria/choria/protocol.go:71.16,73.3 1 0
github.com/choria-io/go-choria/choria/protocol.go:75.2,76.16 2 0
github.com/choria-io/go-choria/choria/protocol.go:76.16,78.3 1 0
github.com/choria-io/go-choria/choria/protocol.go:80.2,81.16 2 0
github.com/choria-io/go-choria/choria/protocol.go:81.16,83.3 1 0
github.com/choria-io/go-choria/choria/protocol.go:85.2,87.19 2 0
github.com/choria-io/go-choria/choria/protocol.go:91.119,93.16 2 0
github.com/choria-io/go-choria/choria/protocol.go:93.16,95.3 1 0
github.com/choria-io/go-choria/choria/protocol.go:97.2,98.16 2 0
github.com/choria-io/go-choria/choria/protocol.go:98.16,100.3 1 0
github.com/choria-io/go-choria/choria/protocol.go:102.2,103.16 2 0
github.com/choria-io/go-choria/choria/protocol.go:103.16,105.3 1 0
github.com/choria-io/go-choria/choria/protocol.go:107.2,109.17 2 0
github.com/choria-io/go-choria/choria/protocol.go:113.199,114.17 1 0
github.com/choria-io/go-choria/choria/protocol.go:115.26,116.86 1 0
github.com/choria-io/go-choria/choria/protocol.go:117.26,118.86 1 0
github.com/choria-io/go-choria/choria/protocol.go:119.10,120.78 1 0
github.com/choria-io/go-choria/choria/protocol.go:123.2,123.21 1 0
github.com/choria-io/go-choria/choria/protocol.go:127.131,128.144 1 0
github.com/choria-io/go-choria/choria/protocol.go:128.144,131.3 2 0
github.com/choria-io/go-choria/choria/protocol.go:133.2,134.16 2 0
github.com/choria-io/go-choria/choria/protocol.go:134.16,136.3 1 0
github.com/choria-io/go-choria/choria/protocol.go:138.2,140.25 2 0
github.com/choria-io/go-choria/choria/protocol.go:140.25,142.3 1 0
github.com/choria-io/go-choria/choria/protocol.go:142.8,144.3 1 0
github.com/choria-io/go-choria/choria/protocol.go:146.2,146.17 1 0
github.com/choria-io/go-choria/choria/protocol.go:150.91,151.27 1 0
github.com/choria-io/go-choria/choria/protocol.go:152.26,153.50 1 0
github.com/choria-io/go-choria/choria/protocol.go:154.26,155.50 1 0
github.com/choria-io/go-choria/choria/protocol.go:156.10,157.92 1 0
github.com/choria-io/go-choria/choria/protocol.go:162.127,163.27 1 0
github.com/choria-io/go-choria/choria/protocol.go:163.27,165.3 1 0
github.com/choria-io/go-choria/choria/protocol.go:167.2,167.26 1 0
github.com/choria-io/go-choria/choria/protocol.go:167.26,169.3 1 0
github.com/choria-io/go-choria/choria/protocol.go:171.2,172.16 2 0
github.com/choria-io/go-choria/choria/protocol.go:172.16,174.3 1 0
github.com/choria-io/go-choria/choria/protocol.go:176.2,179.17 3 0
github.com/choria-io/go-choria/choria/protocol.go:183.105,184.22 1 0
github.com/choria-io/go-choria/choria/protocol.go:185.30,186.40 1 0
github.com/choria-io/go-choria/choria/protocol.go:187.30,188.40 1 0
github.com/choria-io/go-choria/choria/protocol.go:189.10,190.87 1 0
github.com/choria-io/go-choria/choria/protocol.go:195.115,196.22 1 0
github.com/choria-io/go-choria/choria/protocol.go:197.32,198.44 1 0
github.com/choria-io/go-choria/choria/protocol.go:199.32,200.44 1 0
github.com/choria-io/go-choria/choria/protocol.go:201.10,202.87 1 0
github.com/choria-io/go-choria/choria/protocol.go:208.100,209.25 1 0
github.com/choria-io/go-choria/choria/protocol.go:210.24,211.47 1 0
github.com/choria-io/go-choria/choria/protocol.go:212.24,213.47 1 0
github.com/choria-io/go-choria/choria/protocol.go:214.10,215.113 1 0
github.com/choria-io/go-choria/choria/protocol.go:221.145,222.27 1 0
github.com/choria-io/go-choria/choria/protocol.go:223.28,224.76 1 0
github.com/choria-io/go-choria/choria/protocol.go:225.28,226.76 1 0
github.com/choria-io/go-choria/choria/protocol.go:227.10,228.98 1 0
github.com/choria-io/go-choria/choria/protocol.go:233.129,234.27 1 0
github.com/choria-io/go-choria/choria/protocol.go:235.26,236.36 1 0
github.com/choria-io/go-choria/choria/protocol.go:236.36,238.4 1 0
github.com/choria-io/go-choria/choria/protocol.go:240.3,240.51 1 0
github.com/choria-io/go-choria/choria/protocol.go:241.26,242.36 1 0
github.com/choria-io/go-choria/choria/protocol.go:242.36,244.4 1 0
github.com/choria-io/go-choria/choria/protocol.go:246.3,246.51 1 0
github.com/choria-io/go-choria/choria/protocol.go:247.10,248.118 1 0
github.com/choria-io/go-choria/choria/protocol.go:253.149,254.27 1 0
github.com/choria-io/go-choria/choria/protocol.go:255.28,256.78 1 0
github.com/choria-io/go-choria/choria/protocol.go:257.28,258.78 1 0
github.com/choria-io/go-choria/choria/protocol.go:259.10,260.122 1 0
github.com/choria-io/go-choria/choria/protocol.go:265.130,266.27 1 0
github.com/choria-io/go-choria/choria/protocol.go:267.32,268.60 1 0
github.com/choria-io/go-choria/choria/protocol.go:269.32,270.60 1 0
github.com/choria-io/go-choria/choria/protocol.go:271.10,272.122 1 0
github.com/choria-io/go-choria/choria/protocol.go:275.2,275.16 1 0
github.com/choria-io/go-choria/choria/protocol.go:275.16,278.3 2 0
github.com/choria-io/go-choria/choria/protocol.go:280.2,281.16 2 0
github.com/choria-io/go-choria/choria/protocol.go:281.16,284.3 2 0
github.com/choria-io/go-choria/choria/protocol.go:286.2,286.21 1 0
github.com/choria-io/go-choria/choria/protocol.go:290.124,291.25 1 0
github.com/choria-io/go-choria/choria/protocol.go:292.30,293.60 1 0
github.com/choria-io/go-choria/choria/protocol.go:294.30,295.60 1 0
github.com/choria-io/go-choria/choria/protocol.go:296.10,297.120 1 0
github.com/choria-io/go-choria/choria/protocol.go:300.2,300.16 1 0
github.com/choria-io/go-choria/choria/protocol.go:300.16,302.3 1 0
github.com/choria-io/go-choria/choria/protocol.go:304.2,306.21 2 0
github.com/choria-io/go-choria/choria/protocol.go:312.130,314.16 2 0
github.com/choria-io/go-choria/choria/protocol.go:314.16,316.3 1 0
github.com/choria-io/go-choria/choria/protocol.go:318.2,321.16 3 0
github.com/choria-io/go-choria/choria/protocol.go:321.16,323.3 1 0
github.com/choria-io/go-choria/choria/protocol.go:325.2,326.16 2 0
github.com/choria-io/go-choria/choria/protocol.go:326.16,328.3 1 0
github.com/choria-io/go-choria/choria/protocol.go:330.2,332.23 2 0
github.com/choria-io/go-choria/choria/protocol.go:336.161,338.16 2 0
github.com/choria-io/go-choria/choria/protocol.go:338.16,340.3 1 0
github.com/choria-io/go-choria/choria/protocol.go:342.2,343.16 2 0
github.com/choria-io/go-choria/choria/protocol.go:343.16,345.3 1 0
github.com/choria-io/go-choria/choria/protocol.go:347.2,348.16 2 0
github.com/choria-io/go-choria/choria/protocol.go:348.16,350.3 1 0
github.com/choria-io/go-choria/choria/protocol.go:352.2,352.23 1 0
github.com/choria-io/go-choria/choria/protocol.go:356.123,357.17 1 0
github.com/choria-io/go-choria/choria/protocol.go:358.28,359.52 1 0
github.com/choria-io/go-choria/choria/protocol.go:360.28,361.52 1 0
github.com/choria-io/go-choria/choria/protocol.go:362.10,363.88 1 0
github.com/choria-io/go-choria/choria/protocol.go:368.103,369.40 1 0
github.com/choria-io/go-choria/choria/protocol.go:370.28,371.39 1 0
github.com/choria-io/go-choria/choria/protocol.go:372.28,373.39 1 0
github.com/choria-io/go-choria/choria/protocol.go:374.10,375.133 1 0
github.com/choria-io/go-choria/choria/ssl.go:15.62,17.2 1 0
github.com/choria-io/go-choria/choria/ssl.go:20.40,22.2 1 0
github.com/choria-io/go-choria/choria/ssl.go:25.55,27.2 1 0
github.com/choria-io/go-choria/choria/ssl.go:30.61,32.2 1 0
github.com/choria-io/go-choria/choria/ssl.go:36.109,38.2 1 0
github.com/choria-io/go-choria/choria/ssl.go:42.68,44.2 1 0
github.com/choria-io/go-choria/choria/ssl.go:47.48,49.2 1 0
github.com/choria-io/go-choria/choria/util.go:16.26,18.2 1 0
github.com/choria-io/go-choria/choria/util.go:21.30,23.2 1 1
github.com/choria-io/go-choria/choria/util.go:26.34,28.2 1 0
github.com/choria-io/go-choria/choria/util.go:31.37,33.2 1 0
github.com/choria-io/go-choria/choria/util.go:37.64,39.2 1 0
github.com/choria-io/go-choria/choria/util.go:42.38,44.2 1 0
github.com/choria-io/go-choria/choria/util.go:47.34,49.2 1 0
